#
# There is insufficient memory for the Java Runtime Environment to continue.
# Native memory allocation (malloc) failed to allocate 1513376 bytes for Chunk::new
# Possible reasons:
#   The system is out of physical RAM or swap space
#   In 32 bit mode, the process size limit was hit
# Possible solutions:
#   Reduce memory load on the system
#   Increase physical memory or swap space
#   Check if swap backing store is full
#   Use 64 bit Java on a 64 bit OS
#   Decrease Java heap size (-Xmx/-Xms)
#   Decrease number of Java threads
#   Decrease Java thread stack sizes (-Xss)
#   Set larger code cache with -XX:ReservedCodeCacheSize=
# This output file may be truncated or incomplete.
#
#  Out of Memory Error (allocation.cpp:390), pid=9380, tid=5628
#
# JRE version: Java(TM) SE Runtime Environment (8.0_77-b03) (build 1.8.0_77-b03)
# Java VM: Java HotSpot(TM) 64-Bit Server VM (25.77-b03 mixed mode windows-amd64 compressed oops)
# Failed to write core dump. Minidumps are not enabled by default on client versions of Windows
#

---------------  T H R E A D  ---------------

Current thread (0x000000005516d800):  JavaThread "C2 CompilerThread0" daemon [_thread_in_native, id=5628, stack(0x0000000056db0000,0x0000000056eb0000)]

Stack: [0x0000000056db0000,0x0000000056eb0000]
[error occurred during error reporting (printing stack bounds), id 0xc0000005]

Native frames: (J=compiled Java code, j=interpreted, Vv=VM code, C=native code)


Current CompileTask:
C2:   9032 1943       4       com.android.dx.dex.code.OutputFinisher::addConstants (93 bytes)


---------------  P R O C E S S  ---------------

Java Threads: ( => current thread )
  0x0000000056a39000 JavaThread "pool-1-thread-3" [_thread_blocked, id=7108, stack(0x00000000576c0000,0x00000000577c0000)]
  0x00000000566c3000 JavaThread "Service Thread" daemon [_thread_blocked, id=9204, stack(0x0000000057040000,0x0000000057140000)]
  0x00000000566b7000 JavaThread "C1 CompilerThread2" daemon [_thread_blocked, id=7556, stack(0x0000000056f30000,0x0000000057030000)]
  0x00000000566b6000 JavaThread "C2 CompilerThread1" daemon [_thread_in_native, id=8776, stack(0x0000000056c90000,0x0000000056d90000)]
=>0x000000005516d800 JavaThread "C2 CompilerThread0" daemon [_thread_in_native, id=5628, stack(0x0000000056db0000,0x0000000056eb0000)]
  0x00000000566ab000 JavaThread "Attach Listener" daemon [_thread_blocked, id=8916, stack(0x0000000056410000,0x0000000056510000)]
  0x00000000566aa800 JavaThread "Signal Dispatcher" daemon [_thread_blocked, id=9400, stack(0x0000000056b50000,0x0000000056c50000)]
  0x0000000055149000 JavaThread "Finalizer" daemon [_thread_blocked, id=3952, stack(0x00000000565a0000,0x00000000566a0000)]
  0x0000000055102000 JavaThread "Reference Handler" daemon [_thread_blocked, id=10048, stack(0x00000000562f0000,0x00000000563f0000)]
  0x000000000008e000 JavaThread "main" [_thread_in_Java, id=9420, stack(0x00000000027e0000,0x00000000028e0000)]

Other Threads:
  0x00000000550fa800 VMThread [stack: 0x00000000560c0000,0x00000000561c0000] [id=6224]
  0x0000000056777800 WatcherThread [stack: 0x0000000057160000,0x0000000057260000] [id=7684]

VM state:not at safepoint (normal execution)

VM Mutex/Monitor currently owned by a thread: None

Heap:
 PSYoungGen      total 71680K, used 60368K [0x00000000eab00000, 0x00000000ef600000, 0x0000000100000000)
  eden space 66560K, 83% used [0x00000000eab00000,0x00000000ee0f4658,0x00000000eec00000)
  from space 5120K, 99% used [0x00000000ef100000,0x00000000ef5ffca8,0x00000000ef600000)
  to   space 5120K, 0% used [0x00000000eec00000,0x00000000eec00000,0x00000000ef100000)
 ParOldGen       total 87552K, used 4914K [0x00000000c0000000, 0x00000000c5580000, 0x00000000eab00000)
  object space 87552K, 5% used [0x00000000c0000000,0x00000000c04ccbe8,0x00000000c5580000)
 Metaspace       used 6542K, capacity 7320K, committed 7680K, reserved 1056768K
  class space    used 624K, capacity 656K, committed 768K, reserved 1048576K

Card table byte_map: [0x0000000011ca0000,0x0000000011eb0000] byte_map_base: 0x00000000116a0000

Marking Bits: (ParMarkBitMap*) 0x000000006f0c0600
 Begin Bits: [0x0000000012570000, 0x0000000013570000)
 End Bits:   [0x0000000013570000, 0x0000000014570000)

Polling page: 0x0000000000340000

CodeCache: size=245760Kb used=9141Kb max_used=9141Kb free=236618Kb
 bounds [0x00000000028e0000, 0x00000000031e0000, 0x00000000118e0000]
 total_blobs=2293 nmethods=2021 adapters=184
 compilation: enabled

Compilation events (10 events):
Event: 9.027 Thread 0x00000000566b7000 nmethod 2029 0x00000000031d1e90 code [0x00000000031d2000, 0x00000000031d2208]
Event: 9.027 Thread 0x00000000566b7000 2030       2       com.android.dx.rop.code.RegisterSpec::matchesVariable (68 bytes)
Event: 9.027 Thread 0x00000000566b7000 nmethod 2030 0x00000000031d22d0 code [0x00000000031d2460, 0x00000000031d27b8]
Event: 9.027 Thread 0x00000000566b7000 2031       2       com.android.dx.rop.code.RegisterSpec::equalsUsingSimpleType (27 bytes)
Event: 9.027 Thread 0x00000000566b7000 nmethod 2031 0x00000000031d29d0 code [0x00000000031d2b40, 0x00000000031d2d08]
Event: 9.028 Thread 0x00000000566b7000 2032       2       com.android.dx.dex.code.LocalList$MakeState::aboutToProcess (127 bytes)
Event: 9.028 Thread 0x00000000566b7000 nmethod 2032 0x00000000031d2dd0 code [0x00000000031d2f80, 0x00000000031d34e8]
Event: 9.028 Thread 0x00000000566b7000 2033       2       com.android.dx.rop.code.RegisterSpec::isCategory2 (13 bytes)
Event: 9.028 Thread 0x00000000566b7000 nmethod 2033 0x00000000031d37d0 code [0x00000000031d3940, 0x00000000031d3ad8]
Event: 9.028 Thread 0x00000000566b7000 2034       2       com.android.dx.dex.code.LocalList$MakeState::snapshot (110 bytes)

GC Heap History (4 events):
Event: 1.162 GC heap before
{Heap before GC invocations=1 (full 0):
 PSYoungGen      total 38400K, used 33280K [0x00000000eab00000, 0x00000000ed580000, 0x0000000100000000)
  eden space 33280K, 100% used [0x00000000eab00000,0x00000000ecb80000,0x00000000ecb80000)
  from space 5120K, 0% used [0x00000000ed080000,0x00000000ed080000,0x00000000ed580000)
  to   space 5120K, 0% used [0x00000000ecb80000,0x00000000ecb80000,0x00000000ed080000)
 ParOldGen       total 87552K, used 0K [0x00000000c0000000, 0x00000000c5580000, 0x00000000eab00000)
  object space 87552K, 0% used [0x00000000c0000000,0x00000000c0000000,0x00000000c5580000)
 Metaspace       used 5983K, capacity 6838K, committed 7040K, reserved 1056768K
  class space    used 602K, capacity 622K, committed 640K, reserved 1048576K
Event: 1.346 GC heap after
Heap after GC invocations=1 (full 0):
 PSYoungGen      total 38400K, used 5100K [0x00000000eab00000, 0x00000000ef600000, 0x0000000100000000)
  eden space 33280K, 0% used [0x00000000eab00000,0x00000000eab00000,0x00000000ecb80000)
  from space 5120K, 99% used [0x00000000ecb80000,0x00000000ed07b2b8,0x00000000ed080000)
  to   space 5120K, 0% used [0x00000000ef100000,0x00000000ef100000,0x00000000ef600000)
 ParOldGen       total 87552K, used 897K [0x00000000c0000000, 0x00000000c5580000, 0x00000000eab00000)
  object space 87552K, 1% used [0x00000000c0000000,0x00000000c00e06b0,0x00000000c5580000)
 Metaspace       used 5983K, capacity 6838K, committed 7040K, reserved 1056768K
  class space    used 602K, capacity 622K, committed 640K, reserved 1048576K
}
Event: 3.522 GC heap before
{Heap before GC invocations=2 (full 0):
 PSYoungGen      total 38400K, used 38380K [0x00000000eab00000, 0x00000000ef600000, 0x0000000100000000)
  eden space 33280K, 100% used [0x00000000eab00000,0x00000000ecb80000,0x00000000ecb80000)
  from space 5120K, 99% used [0x00000000ecb80000,0x00000000ed07b2b8,0x00000000ed080000)
  to   space 5120K, 0% used [0x00000000ef100000,0x00000000ef100000,0x00000000ef600000)
 ParOldGen       total 87552K, used 897K [0x00000000c0000000, 0x00000000c5580000, 0x00000000eab00000)
  object space 87552K, 1% used [0x00000000c0000000,0x00000000c00e06b0,0x00000000c5580000)
 Metaspace       used 6299K, capacity 7094K, committed 7296K, reserved 1056768K
  class space    used 608K, capacity 622K, committed 640K, reserved 1048576K
Event: 3.587 GC heap after
Heap after GC invocations=2 (full 0):
 PSYoungGen      total 71680K, used 5119K [0x00000000eab00000, 0x00000000ef600000, 0x0000000100000000)
  eden space 66560K, 0% used [0x00000000eab00000,0x00000000eab00000,0x00000000eec00000)
  from space 5120K, 99% used [0x00000000ef100000,0x00000000ef5ffca8,0x00000000ef600000)
  to   space 5120K, 0% used [0x00000000eec00000,0x00000000eec00000,0x00000000ef100000)
 ParOldGen       total 87552K, used 4914K [0x00000000c0000000, 0x00000000c5580000, 0x00000000eab00000)
  object space 87552K, 5% used [0x00000000c0000000,0x00000000c04ccbe8,0x00000000c5580000)
 Metaspace       used 6299K, capacity 7094K, committed 7296K, reserved 1056768K
  class space    used 608K, capacity 622K, committed 640K, reserved 1048576K
}

Deoptimization events (10 events):
Event: 8.968 Thread 0x000000000008e000 Uncommon trap: reason=bimorphic action=maybe_recompile pc=0x0000000002b320c4 method=java.util.HashMap.getNode(ILjava/lang/Object;)Ljava/util/HashMap$Node; @ 126
Event: 8.968 Thread 0x000000000008e000 Uncommon trap: reason=bimorphic action=maybe_recompile pc=0x0000000002b320c4 method=java.util.HashMap.getNode(ILjava/lang/Object;)Ljava/util/HashMap$Node; @ 126
Event: 8.968 Thread 0x000000000008e000 Uncommon trap: reason=class_check action=maybe_recompile pc=0x0000000002d39c74 method=java.util.HashMap.putVal(ILjava/lang/Object;Ljava/lang/Object;ZZ)Ljava/lang/Object; @ 203
Event: 8.968 Thread 0x000000000008e000 Uncommon trap: reason=bimorphic action=maybe_recompile pc=0x0000000002b320c4 method=java.util.HashMap.getNode(ILjava/lang/Object;)Ljava/util/HashMap$Node; @ 126
Event: 8.968 Thread 0x000000000008e000 Uncommon trap: reason=bimorphic action=maybe_recompile pc=0x0000000002c5df84 method=java.util.HashMap.getNode(ILjava/lang/Object;)Ljava/util/HashMap$Node; @ 126
Event: 8.968 Thread 0x000000000008e000 Uncommon trap: reason=class_check action=maybe_recompile pc=0x0000000002d39c74 method=java.util.HashMap.putVal(ILjava/lang/Object;Ljava/lang/Object;ZZ)Ljava/lang/Object; @ 203
Event: 8.968 Thread 0x000000000008e000 Uncommon trap: reason=class_check action=maybe_recompile pc=0x0000000002d39c74 method=java.util.HashMap.putVal(ILjava/lang/Object;Ljava/lang/Object;ZZ)Ljava/lang/Object; @ 203
Event: 8.970 Thread 0x000000000008e000 Uncommon trap: reason=class_check action=maybe_recompile pc=0x0000000002d39c74 method=java.util.HashMap.putVal(ILjava/lang/Object;Ljava/lang/Object;ZZ)Ljava/lang/Object; @ 203
Event: 8.970 Thread 0x000000000008e000 Uncommon trap: reason=class_check action=maybe_recompile pc=0x0000000002d3cc74 method=java.util.HashMap.putVal(ILjava/lang/Object;Ljava/lang/Object;ZZ)Ljava/lang/Object; @ 203
Event: 8.978 Thread 0x000000000008e000 Uncommon trap: reason=unstable_if action=reinterpret pc=0x00000000031a7534 method=java.util.HashMap.putVal(ILjava/lang/Object;Ljava/lang/Object;ZZ)Ljava/lang/Object; @ 94

Internal exceptions (3 events):
Event: 0.035 Thread 0x000000000008e000 Exception <a 'java/lang/NoSuchMethodError': Method sun.misc.Unsafe.defineClass(Ljava/lang/String;[BII)Ljava/lang/Class; name or signature does not match> (0x00000000eab07cc0) thrown at [D:\re\workspace\8-2-build-windows-amd64-cygwin\jdk8u77\6540\hotspot\srÏ€¢?
Event: 0.035 Thread 0x000000000008e000 Exception <a 'java/lang/NoSuchMethodError': Method sun.misc.Unsafe.prefetchRead(Ljava/lang/Object;J)V name or signature does not match> (0x00000000eab07fa8) thrown at [D:\re\workspace\8-2-build-windows-amd64-cygwin\jdk8u77\6540\hotspot\src\share\vm\prims\j¢ôE
Event: 0.763 Thread 0x0000000056a38800 Implicit null exception at 0x0000000002b38ce1 to 0x0000000002b3ac25

Events (10 events):
Event: 9.022 loading class com/android/dx/dex/code/LocalList$MakeState
Event: 9.022 loading class com/android/dx/dex/code/LocalList$MakeState done
Event: 9.022 loading class com/android/dx/dex/code/LocalList$Disposition
Event: 9.022 loading class com/android/dx/dex/code/LocalList$Disposition done
Event: 9.022 loading class com/android/dx/dex/code/LocalList$Entry
Event: 9.022 loading class com/android/dx/dex/code/LocalList$Entry done
Event: 9.023 loading class com/android/dx/dex/code/CatchHandlerList
Event: 9.023 loading class com/android/dx/dex/code/CatchHandlerList done
Event: 9.023 loading class com/android/dx/dex/code/CatchTable
Event: 9.023 loading class com/android/dx/dex/code/CatchTable done


Dynamic libraries:
0x000000013fcb0000 - 0x000000013fce7000 	D:\Program Files\Java\jdk1.8.0_77\bin\java.exe
0x00000000773b0000 - 0x0000000077559000 	C:\Windows\SYSTEM32\ntdll.dll
0x0000000077290000 - 0x00000000773b0000 	C:\Windows\system32\kernel32.dll
0x000007fefd4a0000 - 0x000007fefd50c000 	C:\Windows\system32\KERNELBASE.dll
0x000007fefe670000 - 0x000007fefe74b000 	C:\Windows\system32\ADVAPI32.dll
0x000007fefd7c0000 - 0x000007fefd85f000 	C:\Windows\system32\msvcrt.dll
0x000007fefdda0000 - 0x000007fefddbf000 	C:\Windows\SYSTEM32\sechost.dll
0x000007fefd690000 - 0x000007fefd7bd000 	C:\Windows\system32\RPCRT4.dll
0x0000000077190000 - 0x000000007728a000 	C:\Windows\system32\USER32.dll
0x000007fefe760000 - 0x000007fefe7c7000 	C:\Windows\system32\GDI32.dll
0x000007fefd680000 - 0x000007fefd68e000 	C:\Windows\system32\LPK.dll
0x000007fefd5b0000 - 0x000007fefd67a000 	C:\Windows\system32\USP10.dll
0x000007fefb910000 - 0x000007fefbb04000 	C:\Windows\WinSxS\amd64_microsoft.windows.common-controls_6595b64144ccf1df_6.0.7601.18837_none_fa3b1e3d17594757\COMCTL32.dll
0x000007fefdd20000 - 0x000007fefdd91000 	C:\Windows\system32\SHLWAPI.dll
0x000007feff560000 - 0x000007feff58e000 	C:\Windows\system32\IMM32.DLL
0x000007fefe050000 - 0x000007fefe159000 	C:\Windows\system32\MSCTF.dll
0x000000006e7d0000 - 0x000000006e8a2000 	D:\Program Files\Java\jdk1.8.0_77\jre\bin\msvcr100.dll
0x000000006e8b0000 - 0x000000006f140000 	D:\Program Files\Java\jdk1.8.0_77\jre\bin\server\jvm.dll
0x000007fef9610000 - 0x000007fef9619000 	C:\Windows\system32\WSOCK32.dll
0x000007feff670000 - 0x000007feff6bd000 	C:\Windows\system32\WS2_32.dll
0x000007fefe750000 - 0x000007fefe758000 	C:\Windows\system32\NSI.dll
0x000007fef9f80000 - 0x000007fef9fbb000 	C:\Windows\system32\WINMM.dll
0x000007fefc2c0000 - 0x000007fefc2cc000 	C:\Windows\system32\VERSION.dll
0x0000000077570000 - 0x0000000077577000 	C:\Windows\system32\PSAPI.DLL
0x00000000709b0000 - 0x00000000709bf000 	D:\Program Files\Java\jdk1.8.0_77\jre\bin\verify.dll
0x0000000070980000 - 0x00000000709a9000 	D:\Program Files\Java\jdk1.8.0_77\jre\bin\java.dll
0x000000006fa90000 - 0x000000006faa6000 	D:\Program Files\Java\jdk1.8.0_77\jre\bin\zip.dll
0x000007fefe7d0000 - 0x000007feff559000 	C:\Windows\system32\SHELL32.dll
0x000007fefde20000 - 0x000007fefe023000 	C:\Windows\system32\ole32.dll
0x000007fefd200000 - 0x000007fefd20f000 	C:\Windows\system32\profapi.dll

VM Arguments:
jvm_args: -Djava.awt.headless=true -Xmx1024M -Dfile.encoding=GBK -Duser.country=CN -Duser.language=zh -Duser.variant 
java_command: com.android.dx.command.Main --dex --num-threads=4 --output D:\android\StudioProjects\LoopjAsyncHttpDemo\app\build\intermediates\pre-dexed\debug\internal_impl-23.3.0_928ada83da1fdbd609fda770371b22743dc31e2f.jar D:\android\StudioProjects\LoopjAsyncHttpDemo\app\build\intermediates\exploded-aar\com.android.support\support-v4\23.3.0\jars\libs\internal_impl-23.3.0.jar
java_class_path (initial): D:\Users\Administrator\AppData\Local\Android\sdk\build-tools\23.0.3\lib\dx.jar
Launcher Type: SUN_STANDARD

Environment Variables:
JAVA_HOME=D:\Program Files\Java\jdk1.8.0_77
PATH=C:\ProgramData\Oracle\Java\javapath;C:\Windows\system32;C:\Windows;C:\Windows\System32\Wbem;C:\Windows\System32\WindowsPowerShell\v1.0\;D:\Program Files\Java\jdk1.8.0_77;d:\Program Files\Git\cmd;D:\Users\Administrator\AppData\Local\Android\sdk\platform-tools
USERNAME=Administrator
OS=Windows_NT
PROCESSOR_IDENTIFIER=Intel64 Family 6 Model 60 Stepping 3, GenuineIntel



---------------  S Y S T E M  ---------------

OS: Windows 7 , 64 bit Build 7601 (6.1.7601.19018)

CPU:total 4 (4 cores per cpu, 1 threads per core) family 6 model 60 stepping 3, cmov, cx8, fxsr, mmx, sse, sse2, sse3, ssse3, sse4.1, sse4.2, popcnt, avx, avx2, aes, clmul, erms, lzcnt, tsc, tscinvbit, bmi1, bmi2

Memory: 4k page, physical 8325492k(412220k free), swap 10420808k(5592k free)

vm_info: Java HotSpot(TM) 64-Bit Server VM (25.77-b03) for windows-amd64 JRE (1.8.0_77-b03), built on Mar 20 2016 22:01:33 by "java_re" with MS VC++ 10.0 (VS2010)

time: Fri Apr 22 16:15:09 2016
elapsed time: 9 seconds (0d 0h 0m 9s)

