#
# There is insufficient memory for the Java Runtime Environment to continue.
# Native memory allocation (malloc) failed to allocate 1639376 bytes for Chunk::new
# Possible reasons:
#   The system is out of physical RAM or swap space
#   In 32 bit mode, the process size limit was hit
# Possible solutions:
#   Reduce memory load on the system
#   Increase physical memory or swap space
#   Check if swap backing store is full
#   Use 64 bit Java on a 64 bit OS
#   Decrease Java heap size (-Xmx/-Xms)
#   Decrease number of Java threads
#   Decrease Java thread stack sizes (-Xss)
#   Set larger code cache with -XX:ReservedCodeCacheSize=
# This output file may be truncated or incomplete.
#
#  Out of Memory Error (allocation.cpp:390), pid=9776, tid=9456
#
# JRE version: Java(TM) SE Runtime Environment (8.0_77-b03) (build 1.8.0_77-b03)
# Java VM: Java HotSpot(TM) 64-Bit Server VM (25.77-b03 mixed mode windows-amd64 compressed oops)
# Failed to write core dump. Minidumps are not enabled by default on client versions of Windows
#

---------------  T H R E A D  ---------------

Current thread (0x00000000565af000):  JavaThread "C2 CompilerThread1" daemon [_thread_in_native, id=9456, stack(0x0000000057040000,0x0000000057140000)]

Stack: [0x0000000057040000,0x0000000057140000]
[error occurred during error reporting (printing stack bounds), id 0xc0000005]

Native frames: (J=compiled Java code, j=interpreted, Vv=VM code, C=native code)


Current CompileTask:
C2:   1623 1350       4       com.android.dx.dex.code.OutputFinisher::addConstants (93 bytes)


---------------  P R O C E S S  ---------------

Java Threads: ( => current thread )
  0x00000000565b3000 JavaThread "Service Thread" daemon [_thread_blocked, id=3716, stack(0x00000000572e0000,0x00000000573e0000)]
  0x00000000565af800 JavaThread "C1 CompilerThread2" daemon [_thread_blocked, id=8544, stack(0x0000000057140000,0x0000000057240000)]
=>0x00000000565af000 JavaThread "C2 CompilerThread1" daemon [_thread_in_native, id=9456, stack(0x0000000057040000,0x0000000057140000)]
  0x000000005515d800 JavaThread "C2 CompilerThread0" daemon [_thread_in_native, id=10228, stack(0x0000000056e40000,0x0000000056f40000)]
  0x000000005654b000 JavaThread "Attach Listener" daemon [_thread_blocked, id=9884, stack(0x0000000056b90000,0x0000000056c90000)]
  0x000000005654a800 JavaThread "Signal Dispatcher" daemon [_thread_blocked, id=9948, stack(0x00000000569a0000,0x0000000056aa0000)]
  0x0000000055139000 JavaThread "Finalizer" daemon [_thread_blocked, id=10080, stack(0x0000000056440000,0x0000000056540000)]
  0x00000000550f2000 JavaThread "Reference Handler" daemon [_thread_blocked, id=10120, stack(0x00000000560c0000,0x00000000561c0000)]
  0x000000000254e000 JavaThread "main" [_thread_in_Java, id=10168, stack(0x0000000002570000,0x0000000002670000)]

Other Threads:
  0x00000000550ea800 VMThread [stack: 0x0000000056220000,0x0000000056320000] [id=3712]
  0x0000000056628000 WatcherThread [stack: 0x0000000056cf0000,0x0000000056df0000] [id=8800]

VM state:not at safepoint (normal execution)

VM Mutex/Monitor currently owned by a thread: None

Heap:
 PSYoungGen      total 38400K, used 32357K [0x00000000eab00000, 0x00000000ef600000, 0x0000000100000000)
  eden space 33280K, 81% used [0x00000000eab00000,0x00000000ec59eb50,0x00000000ecb80000)
  from space 5120K, 99% used [0x00000000ecb80000,0x00000000ed07a9b0,0x00000000ed080000)
  to   space 5120K, 0% used [0x00000000ef100000,0x00000000ef100000,0x00000000ef600000)
 ParOldGen       total 87552K, used 1924K [0x00000000c0000000, 0x00000000c5580000, 0x00000000eab00000)
  object space 87552K, 2% used [0x00000000c0000000,0x00000000c01e1110,0x00000000c5580000)
 Metaspace       used 6280K, capacity 7128K, committed 7424K, reserved 1056768K
  class space    used 623K, capacity 656K, committed 768K, reserved 1048576K

Card table byte_map: [0x0000000011b30000,0x0000000011d40000] byte_map_base: 0x0000000011530000

Marking Bits: (ParMarkBitMap*) 0x000000006f0c0600
 Begin Bits: [0x0000000012560000, 0x0000000013560000)
 End Bits:   [0x0000000013560000, 0x0000000014560000)

Polling page: 0x0000000000240000

CodeCache: size=245760Kb used=5105Kb max_used=5105Kb free=240654Kb
 bounds [0x0000000002770000, 0x0000000002c70000, 0x0000000011770000]
 total_blobs=1735 nmethods=1463 adapters=184
 compilation: enabled

Compilation events (10 events):
Event: 1.619 Thread 0x00000000565af800 nmethod 1509 0x0000000002c6bc50 code [0x0000000002c6bdc0, 0x0000000002c6bf88]
Event: 1.620 Thread 0x00000000565af800 1510       2       com.android.dx.dex.file.StringIdsSection::get (49 bytes)
Event: 1.620 Thread 0x00000000565af800 nmethod 1510 0x0000000002c6c090 code [0x0000000002c6c240, 0x0000000002c6c638]
Event: 1.620 Thread 0x00000000565af800 1511       2       com.android.dx.rop.code.RegisterSpecList$Expander::<init> (41 bytes)
Event: 1.620 Thread 0x00000000565af800 nmethod 1511 0x0000000002c6c8d0 code [0x0000000002c6ca40, 0x0000000002c6cc88]
Event: 1.620 Thread 0x00000000565af800 1512       2       com.android.dx.dex.code.form.Form11n::isCompatible (89 bytes)
Event: 1.621 Thread 0x00000000565af800 nmethod 1512 0x0000000002c6ce10 code [0x0000000002c6cfa0, 0x0000000002c6d328]
Event: 1.622 Thread 0x00000000565af800 1513       2       com.android.dx.dex.code.DalvInsn::getMinimumRegisterRequirement (101 bytes)
Event: 1.622 Thread 0x00000000565af800 nmethod 1513 0x0000000002c6d590 code [0x0000000002c6d760, 0x0000000002c6db98]
Event: 1.622 Thread 0x00000000565af800 1515       2       com.android.dx.dex.code.form.Form35c::compatibleRegs (69 bytes)

GC Heap History (2 events):
Event: 0.822 GC heap before
{Heap before GC invocations=1 (full 0):
 PSYoungGen      total 38400K, used 33280K [0x00000000eab00000, 0x00000000ed580000, 0x0000000100000000)
  eden space 33280K, 100% used [0x00000000eab00000,0x00000000ecb80000,0x00000000ecb80000)
  from space 5120K, 0% used [0x00000000ed080000,0x00000000ed080000,0x00000000ed580000)
  to   space 5120K, 0% used [0x00000000ecb80000,0x00000000ecb80000,0x00000000ed080000)
 ParOldGen       total 87552K, used 0K [0x00000000c0000000, 0x00000000c5580000, 0x00000000eab00000)
  object space 87552K, 0% used [0x00000000c0000000,0x00000000c0000000,0x00000000c5580000)
 Metaspace       used 5887K, capacity 6808K, committed 7168K, reserved 1056768K
  class space    used 606K, capacity 656K, committed 768K, reserved 1048576K
Event: 1.031 GC heap after
Heap after GC invocations=1 (full 0):
 PSYoungGen      total 38400K, used 5098K [0x00000000eab00000, 0x00000000ef600000, 0x0000000100000000)
  eden space 33280K, 0% used [0x00000000eab00000,0x00000000eab00000,0x00000000ecb80000)
  from space 5120K, 99% used [0x00000000ecb80000,0x00000000ed07a9b0,0x00000000ed080000)
  to   space 5120K, 0% used [0x00000000ef100000,0x00000000ef100000,0x00000000ef600000)
 ParOldGen       total 87552K, used 1924K [0x00000000c0000000, 0x00000000c5580000, 0x00000000eab00000)
  object space 87552K, 2% used [0x00000000c0000000,0x00000000c01e1110,0x00000000c5580000)
 Metaspace       used 5887K, capacity 6808K, committed 7168K, reserved 1056768K
  class space    used 606K, capacity 656K, committed 768K, reserved 1048576K
}

Deoptimization events (10 events):
Event: 1.540 Thread 0x000000000254e000 Uncommon trap: reason=bimorphic action=maybe_recompile pc=0x00000000029dcedc method=java.util.HashMap.getNode(ILjava/lang/Object;)Ljava/util/HashMap$Node; @ 126
Event: 1.540 Thread 0x000000000254e000 Uncommon trap: reason=bimorphic action=maybe_recompile pc=0x000000000298784c method=java.util.HashMap.getNode(ILjava/lang/Object;)Ljava/util/HashMap$Node; @ 126
Event: 1.552 Thread 0x000000000254e000 Uncommon trap: reason=speculate_class_check action=maybe_recompile pc=0x0000000002b6304c method=com.android.dx.util.FixedSizeList.equals(Ljava/lang/Object;)Z @ 25
Event: 1.552 Thread 0x000000000254e000 Uncommon trap: reason=class_check action=maybe_recompile pc=0x0000000002ad59a4 method=java.util.Arrays.equals([Ljava/lang/Object;[Ljava/lang/Object;)Z @ 62
Event: 1.552 Thread 0x000000000254e000 Uncommon trap: reason=speculate_class_check action=maybe_recompile pc=0x0000000002b6304c method=com.android.dx.util.FixedSizeList.equals(Ljava/lang/Object;)Z @ 25
Event: 1.552 Thread 0x000000000254e000 Uncommon trap: reason=class_check action=maybe_recompile pc=0x0000000002ad59a4 method=java.util.Arrays.equals([Ljava/lang/Object;[Ljava/lang/Object;)Z @ 62
Event: 1.552 Thread 0x000000000254e000 Uncommon trap: reason=speculate_class_check action=maybe_recompile pc=0x0000000002b6304c method=com.android.dx.util.FixedSizeList.equals(Ljava/lang/Object;)Z @ 25
Event: 1.552 Thread 0x000000000254e000 Uncommon trap: reason=class_check action=maybe_recompile pc=0x0000000002ad59a4 method=java.util.Arrays.equals([Ljava/lang/Object;[Ljava/lang/Object;)Z @ 62
Event: 1.552 Thread 0x000000000254e000 Uncommon trap: reason=speculate_class_check action=maybe_recompile pc=0x0000000002b6304c method=com.android.dx.util.FixedSizeList.equals(Ljava/lang/Object;)Z @ 25
Event: 1.552 Thread 0x000000000254e000 Uncommon trap: reason=class_check action=maybe_recompile pc=0x0000000002ad59a4 method=java.util.Arrays.equals([Ljava/lang/Object;[Ljava/lang/Object;)Z @ 62

Internal exceptions (4 events):
Event: 0.037 Thread 0x000000000254e000 Exception <a 'java/lang/NoSuchMethodError': Method sun.misc.Unsafe.defineClass(Ljava/lang/String;[BII)Ljava/lang/Class; name or signature does not match> (0x00000000eab07cc0) thrown at [D:\re\workspace\8-2-build-windows-amd64-cygwin\jdk8u77\6540\hotspot\sr‡ªRãZö¢?
Event: 0.037 Thread 0x000000000254e000 Exception <a 'java/lang/NoSuchMethodError': Method sun.misc.Unsafe.prefetchRead(Ljava/lang/Object;J)V name or signature does not match> (0x00000000eab07fa8) thrown at [D:\re\workspace\8-2-build-windows-amd64-cygwin\jdk8u77\6540\hotspot\src\share\vm\prims\j”°L:GÍé?
Event: 0.806 Thread 0x0000000056794000 Implicit null exception at 0x0000000002ab1902 to 0x0000000002ab2a95
Event: 1.105 Thread 0x0000000056770000 Implicit null exception at 0x0000000002aaaa3d to 0x0000000002aab9f1

Events (10 events):
Event: 1.552 Thread 0x000000000254e000 DEOPT PACKING pc=0x0000000002ad59a4 sp=0x000000000266eec0
Event: 1.552 Thread 0x000000000254e000 DEOPT UNPACKING pc=0x00000000027b582a sp=0x000000000266ee60 mode 2
Event: 1.552 loading class com/android/dx/dex/code/CatchTable$Entry
Event: 1.552 loading class com/android/dx/dex/code/CatchTable$Entry done
Event: 1.553 loading class com/android/dx/util/ByteArrayAnnotatedOutput
Event: 1.553 loading class com/android/dx/util/ByteArrayAnnotatedOutput done
Event: 1.588 loading class com/android/dx/rop/code/RegisterSpecList$Expander
Event: 1.588 loading class com/android/dx/rop/code/RegisterSpecList$Expander done
Event: 1.594 Thread 0x000000000254e000 DEOPT PACKING pc=0x0000000002c54a1a sp=0x000000000266ed10
Event: 1.594 Thread 0x000000000254e000 DEOPT UNPACKING pc=0x00000000027b787f sp=0x000000000266ea90 mode 0


Dynamic libraries:
0x000000013fcb0000 - 0x000000013fce7000 	D:\Program Files\Java\jdk1.8.0_77\bin\java.exe
0x00000000773b0000 - 0x0000000077559000 	C:\Windows\SYSTEM32\ntdll.dll
0x0000000077290000 - 0x00000000773b0000 	C:\Windows\system32\kernel32.dll
0x000007fefd4a0000 - 0x000007fefd50c000 	C:\Windows\system32\KERNELBASE.dll
0x000007fefe670000 - 0x000007fefe74b000 	C:\Windows\system32\ADVAPI32.dll
0x000007fefd7c0000 - 0x000007fefd85f000 	C:\Windows\system32\msvcrt.dll
0x000007fefdda0000 - 0x000007fefddbf000 	C:\Windows\SYSTEM32\sechost.dll
0x000007fefd690000 - 0x000007fefd7bd000 	C:\Windows\system32\RPCRT4.dll
0x0000000077190000 - 0x000000007728a000 	C:\Windows\system32\USER32.dll
0x000007fefe760000 - 0x000007fefe7c7000 	C:\Windows\system32\GDI32.dll
0x000007fefd680000 - 0x000007fefd68e000 	C:\Windows\system32\LPK.dll
0x000007fefd5b0000 - 0x000007fefd67a000 	C:\Windows\system32\USP10.dll
0x000007fefb910000 - 0x000007fefbb04000 	C:\Windows\WinSxS\amd64_microsoft.windows.common-controls_6595b64144ccf1df_6.0.7601.18837_none_fa3b1e3d17594757\COMCTL32.dll
0x000007fefdd20000 - 0x000007fefdd91000 	C:\Windows\system32\SHLWAPI.dll
0x000007feff560000 - 0x000007feff58e000 	C:\Windows\system32\IMM32.DLL
0x000007fefe050000 - 0x000007fefe159000 	C:\Windows\system32\MSCTF.dll
0x000000006e7d0000 - 0x000000006e8a2000 	D:\Program Files\Java\jdk1.8.0_77\jre\bin\msvcr100.dll
0x000000006e8b0000 - 0x000000006f140000 	D:\Program Files\Java\jdk1.8.0_77\jre\bin\server\jvm.dll
0x000007fef9610000 - 0x000007fef9619000 	C:\Windows\system32\WSOCK32.dll
0x000007feff670000 - 0x000007feff6bd000 	C:\Windows\system32\WS2_32.dll
0x000007fefe750000 - 0x000007fefe758000 	C:\Windows\system32\NSI.dll
0x000007fef9f80000 - 0x000007fef9fbb000 	C:\Windows\system32\WINMM.dll
0x000007fefc2c0000 - 0x000007fefc2cc000 	C:\Windows\system32\VERSION.dll
0x0000000077570000 - 0x0000000077577000 	C:\Windows\system32\PSAPI.DLL
0x00000000709b0000 - 0x00000000709bf000 	D:\Program Files\Java\jdk1.8.0_77\jre\bin\verify.dll
0x0000000070980000 - 0x00000000709a9000 	D:\Program Files\Java\jdk1.8.0_77\jre\bin\java.dll
0x000000006fa90000 - 0x000000006faa6000 	D:\Program Files\Java\jdk1.8.0_77\jre\bin\zip.dll
0x000007fefe7d0000 - 0x000007feff559000 	C:\Windows\system32\SHELL32.dll
0x000007fefde20000 - 0x000007fefe023000 	C:\Windows\system32\ole32.dll
0x000007fefd200000 - 0x000007fefd20f000 	C:\Windows\system32\profapi.dll

VM Arguments:
jvm_args: -Djava.awt.headless=true -Xmx1024M -Dfile.encoding=GBK -Duser.country=CN -Duser.language=zh -Duser.variant 
java_command: com.android.dx.command.Main --dex --force-jumbo --num-threads=4 --output D:\android\StudioProjects\LoopjAsyncHttpDemo\app\build\intermediates\pre-dexed\debug\instant-run_1af586546673cbf04530ea1292ef8d5cc8b5d034.jar D:\android\StudioProjects\LoopjAsyncHttpDemo\app\build\intermediates\incremental-runtime-classes\debug\instant-run.jar
java_class_path (initial): D:\Users\Administrator\AppData\Local\Android\sdk\build-tools\23.0.3\lib\dx.jar
Launcher Type: SUN_STANDARD

Environment Variables:
JAVA_HOME=D:\Program Files\Java\jdk1.8.0_77
PATH=C:\ProgramData\Oracle\Java\javapath;C:\Windows\system32;C:\Windows;C:\Windows\System32\Wbem;C:\Windows\System32\WindowsPowerShell\v1.0\;D:\Program Files\Java\jdk1.8.0_77;d:\Program Files\Git\cmd;D:\Users\Administrator\AppData\Local\Android\sdk\platform-tools
USERNAME=Administrator
OS=Windows_NT
PROCESSOR_IDENTIFIER=Intel64 Family 6 Model 60 Stepping 3, GenuineIntel



---------------  S Y S T E M  ---------------

OS: Windows 7 , 64 bit Build 7601 (6.1.7601.19018)

CPU:total 4 (4 cores per cpu, 1 threads per core) family 6 model 60 stepping 3, cmov, cx8, fxsr, mmx, sse, sse2, sse3, ssse3, sse4.1, sse4.2, popcnt, avx, avx2, aes, clmul, erms, lzcnt, tsc, tscinvbit, bmi1, bmi2

Memory: 4k page, physical 8325492k(537624k free), swap 10420808k(5944k free)

vm_info: Java HotSpot(TM) 64-Bit Server VM (25.77-b03) for windows-amd64 JRE (1.8.0_77-b03), built on Mar 20 2016 22:01:33 by "java_re" with MS VC++ 10.0 (VS2010)

time: Fri Apr 22 16:08:54 2016
elapsed time: 1 seconds (0d 0h 0m 1s)

