#
# There is insufficient memory for the Java Runtime Environment to continue.
# Native memory allocation (malloc) failed to allocate 835696 bytes for Chunk::new
# Possible reasons:
#   The system is out of physical RAM or swap space
#   In 32 bit mode, the process size limit was hit
# Possible solutions:
#   Reduce memory load on the system
#   Increase physical memory or swap space
#   Check if swap backing store is full
#   Use 64 bit Java on a 64 bit OS
#   Decrease Java heap size (-Xmx/-Xms)
#   Decrease number of Java threads
#   Decrease Java thread stack sizes (-Xss)
#   Set larger code cache with -XX:ReservedCodeCacheSize=
# This output file may be truncated or incomplete.
#
#  Out of Memory Error (allocation.cpp:390), pid=6372, tid=3396
#
# JRE version: Java(TM) SE Runtime Environment (8.0_77-b03) (build 1.8.0_77-b03)
# Java VM: Java HotSpot(TM) 64-Bit Server VM (25.77-b03 mixed mode windows-amd64 compressed oops)
# Failed to write core dump. Minidumps are not enabled by default on client versions of Windows
#

---------------  T H R E A D  ---------------

Current thread (0x00000000565b9000):  JavaThread "C2 CompilerThread1" daemon [_thread_in_native, id=3396, stack(0x0000000056eb0000,0x0000000056fb0000)]

Stack: [0x0000000056eb0000,0x0000000056fb0000]
[error occurred during error reporting (printing stack bounds), id 0xc0000005]

Native frames: (J=compiled Java code, j=interpreted, Vv=VM code, C=native code)


Current CompileTask:
C2:   1681 1304       4       com.android.dx.ssa.SCCP::simulateStmt (481 bytes)


---------------  P R O C E S S  ---------------

Java Threads: ( => current thread )
  0x00000000565c6800 JavaThread "Service Thread" daemon [_thread_blocked, id=5284, stack(0x00000000571d0000,0x00000000572d0000)]
  0x00000000565c3000 JavaThread "C1 CompilerThread2" daemon [_thread_blocked, id=8024, stack(0x0000000057050000,0x0000000057150000)]
=>0x00000000565b9000 JavaThread "C2 CompilerThread1" daemon [_thread_in_native, id=3396, stack(0x0000000056eb0000,0x0000000056fb0000)]
  0x00000000551ad800 JavaThread "C2 CompilerThread0" daemon [_thread_in_native, id=8164, stack(0x0000000056d80000,0x0000000056e80000)]
  0x000000005655b000 JavaThread "Attach Listener" daemon [_thread_blocked, id=4572, stack(0x0000000056bf0000,0x0000000056cf0000)]
  0x000000005655a800 JavaThread "Signal Dispatcher" daemon [_thread_blocked, id=4824, stack(0x0000000056a20000,0x0000000056b20000)]
  0x0000000055189000 JavaThread "Finalizer" daemon [_thread_blocked, id=8960, stack(0x0000000056450000,0x0000000056550000)]
  0x0000000055142000 JavaThread "Reference Handler" daemon [_thread_blocked, id=9964, stack(0x0000000056290000,0x0000000056390000)]
  0x00000000026ce000 JavaThread "main" [_thread_in_vm, id=7676, stack(0x00000000026f0000,0x00000000027f0000)]

Other Threads:
  0x000000005513a800 VMThread [stack: 0x00000000560c0000,0x00000000561c0000] [id=7908]
  0x0000000056629000 WatcherThread [stack: 0x00000000574a0000,0x00000000575a0000] [id=9076]

VM state:not at safepoint (normal execution)

VM Mutex/Monitor currently owned by a thread: None

Heap:
 PSYoungGen      total 71680K, used 8057K [0x00000000eab00000, 0x00000000ef600000, 0x0000000100000000)
  eden space 66560K, 4% used [0x00000000eab00000,0x00000000eaddfbc0,0x00000000eec00000)
  from space 5120K, 99% used [0x00000000ef100000,0x00000000ef5feac8,0x00000000ef600000)
  to   space 5120K, 0% used [0x00000000eec00000,0x00000000eec00000,0x00000000ef100000)
 ParOldGen       total 87552K, used 12617K [0x00000000c0000000, 0x00000000c5580000, 0x00000000eab00000)
  object space 87552K, 14% used [0x00000000c0000000,0x00000000c0c526b0,0x00000000c5580000)
 Metaspace       used 5973K, capacity 6960K, committed 7040K, reserved 1056768K
  class space    used 594K, capacity 616K, committed 640K, reserved 1048576K

Card table byte_map: [0x0000000011bb0000,0x0000000011dc0000] byte_map_base: 0x00000000115b0000

Marking Bits: (ParMarkBitMap*) 0x000000006f0c0600
 Begin Bits: [0x00000000125b0000, 0x00000000135b0000)
 End Bits:   [0x00000000135b0000, 0x00000000145b0000)

Polling page: 0x0000000000130000

CodeCache: size=245760Kb used=5386Kb max_used=5386Kb free=240373Kb
 bounds [0x00000000027f0000, 0x0000000002d40000, 0x00000000117f0000]
 total_blobs=1655 nmethods=1391 adapters=177
 compilation: enabled

Compilation events (10 events):
Event: 1.677 Thread 0x00000000565c3000 1408       2       com.android.dx.dex.file.ProtoIdItem::addContents (61 bytes)
Event: 1.678 Thread 0x00000000565c3000 nmethod 1408 0x0000000002d35c90 code [0x0000000002d35e40, 0x0000000002d361f8]
Event: 1.678 Thread 0x00000000565c3000 1409       2       com.android.dx.rop.cst.CstString::stringToUtf8Bytes (175 bytes)
Event: 1.678 Thread 0x00000000565c3000 nmethod 1409 0x0000000002d36510 code [0x0000000002d366a0, 0x0000000002d36bd8]
Event: 1.678 Thread 0x00000000565c3000 1410       1       com.android.dx.dex.file.IdItem::getDefiningClass (5 bytes)
Event: 1.679 Thread 0x00000000565c3000 nmethod 1410 0x0000000002d36f90 code [0x0000000002d370e0, 0x0000000002d371f0]
Event: 1.679 Thread 0x00000000565c3000 1411       1       com.android.dx.dex.file.DexFile::getStringData (5 bytes)
Event: 1.679 Thread 0x00000000565c3000 nmethod 1411 0x0000000002d37250 code [0x0000000002d373a0, 0x0000000002d374b0]
Event: 1.679 Thread 0x00000000565c3000 1412       2       com.android.dx.dex.file.StringIdItem::addContents (36 bytes)
Event: 1.680 Thread 0x00000000565c3000 nmethod 1412 0x0000000002d37510 code [0x0000000002d376a0, 0x0000000002d379b8]

GC Heap History (4 events):
Event: 1.339 GC heap before
{Heap before GC invocations=1 (full 0):
 PSYoungGen      total 38400K, used 33280K [0x00000000eab00000, 0x00000000ed580000, 0x0000000100000000)
  eden space 33280K, 100% used [0x00000000eab00000,0x00000000ecb80000,0x00000000ecb80000)
  from space 5120K, 0% used [0x00000000ed080000,0x00000000ed080000,0x00000000ed580000)
  to   space 5120K, 0% used [0x00000000ecb80000,0x00000000ecb80000,0x00000000ed080000)
 ParOldGen       total 87552K, used 0K [0x00000000c0000000, 0x00000000c5580000, 0x00000000eab00000)
  object space 87552K, 0% used [0x00000000c0000000,0x00000000c0000000,0x00000000c5580000)
 Metaspace       used 5716K, capacity 6832K, committed 7040K, reserved 1056768K
  class space    used 581K, capacity 616K, committed 640K, reserved 1048576K
Event: 1.385 GC heap after
Heap after GC invocations=1 (full 0):
 PSYoungGen      total 38400K, used 5091K [0x00000000eab00000, 0x00000000ef600000, 0x0000000100000000)
  eden space 33280K, 0% used [0x00000000eab00000,0x00000000eab00000,0x00000000ecb80000)
  from space 5120K, 99% used [0x00000000ecb80000,0x00000000ed078fe0,0x00000000ed080000)
  to   space 5120K, 0% used [0x00000000ef100000,0x00000000ef100000,0x00000000ef600000)
 ParOldGen       total 87552K, used 5685K [0x00000000c0000000, 0x00000000c5580000, 0x00000000eab00000)
  object space 87552K, 6% used [0x00000000c0000000,0x00000000c058d5b8,0x00000000c5580000)
 Metaspace       used 5716K, capacity 6832K, committed 7040K, reserved 1056768K
  class space    used 581K, capacity 616K, committed 640K, reserved 1048576K
}
Event: 1.603 GC heap before
{Heap before GC invocations=2 (full 0):
 PSYoungGen      total 38400K, used 38371K [0x00000000eab00000, 0x00000000ef600000, 0x0000000100000000)
  eden space 33280K, 100% used [0x00000000eab00000,0x00000000ecb80000,0x00000000ecb80000)
  from space 5120K, 99% used [0x00000000ecb80000,0x00000000ed078fe0,0x00000000ed080000)
  to   space 5120K, 0% used [0x00000000ef100000,0x00000000ef100000,0x00000000ef600000)
 ParOldGen       total 87552K, used 5685K [0x00000000c0000000, 0x00000000c5580000, 0x00000000eab00000)
  object space 87552K, 6% used [0x00000000c0000000,0x00000000c058d5b8,0x00000000c5580000)
 Metaspace       used 5875K, capacity 6960K, committed 7040K, reserved 1056768K
  class space    used 587K, capacity 616K, committed 640K, reserved 1048576K
Event: 1.619 GC heap after
Heap after GC invocations=2 (full 0):
 PSYoungGen      total 71680K, used 5114K [0x00000000eab00000, 0x00000000ef600000, 0x0000000100000000)
  eden space 66560K, 0% used [0x00000000eab00000,0x00000000eab00000,0x00000000eec00000)
  from space 5120K, 99% used [0x00000000ef100000,0x00000000ef5feac8,0x00000000ef600000)
  to   space 5120K, 0% used [0x00000000eec00000,0x00000000eec00000,0x00000000ef100000)
 ParOldGen       total 87552K, used 12617K [0x00000000c0000000, 0x00000000c5580000, 0x00000000eab00000)
  object space 87552K, 14% used [0x00000000c0000000,0x00000000c0c526b0,0x00000000c5580000)
 Metaspace       used 5875K, capacity 6960K, committed 7040K, reserved 1056768K
  class space    used 587K, capacity 616K, committed 640K, reserved 1048576K
}

Deoptimization events (10 events):
Event: 1.553 Thread 0x00000000566ff000 Uncommon trap: reason=class_check action=maybe_recompile pc=0x0000000002b368a8 method=com.android.dx.rop.type.Type.equals(Ljava/lang/Object;)Z @ 8
Event: 1.653 Thread 0x00000000026ce000 Uncommon trap: reason=bimorphic action=maybe_recompile pc=0x0000000002c26098 method=java.util.HashMap.putVal(ILjava/lang/Object;Ljava/lang/Object;ZZ)Ljava/lang/Object; @ 91
Event: 1.653 Thread 0x00000000026ce000 Uncommon trap: reason=bimorphic action=maybe_recompile pc=0x0000000002c26098 method=java.util.HashMap.putVal(ILjava/lang/Object;Ljava/lang/Object;ZZ)Ljava/lang/Object; @ 91
Event: 1.653 Thread 0x00000000026ce000 Uncommon trap: reason=bimorphic action=maybe_recompile pc=0x0000000002c26098 method=java.util.HashMap.putVal(ILjava/lang/Object;Ljava/lang/Object;ZZ)Ljava/lang/Object; @ 91
Event: 1.653 Thread 0x00000000026ce000 Uncommon trap: reason=bimorphic action=maybe_recompile pc=0x0000000002c26098 method=java.util.HashMap.putVal(ILjava/lang/Object;Ljava/lang/Object;ZZ)Ljava/lang/Object; @ 91
Event: 1.653 Thread 0x00000000026ce000 Uncommon trap: reason=bimorphic action=maybe_recompile pc=0x0000000002c685dc method=java.util.HashMap.getNode(ILjava/lang/Object;)Ljava/util/HashMap$Node; @ 126
Event: 1.654 Thread 0x00000000026ce000 Uncommon trap: reason=bimorphic action=maybe_recompile pc=0x0000000002c685dc method=java.util.HashMap.getNode(ILjava/lang/Object;)Ljava/util/HashMap$Node; @ 126
Event: 1.654 Thread 0x00000000026ce000 Uncommon trap: reason=bimorphic action=maybe_recompile pc=0x0000000002c685dc method=java.util.HashMap.getNode(ILjava/lang/Object;)Ljava/util/HashMap$Node; @ 126
Event: 1.666 Thread 0x00000000026ce000 Uncommon trap: reason=bimorphic action=maybe_recompile pc=0x0000000002c685dc method=java.util.HashMap.getNode(ILjava/lang/Object;)Ljava/util/HashMap$Node; @ 126
Event: 1.666 Thread 0x00000000026ce000 Uncommon trap: reason=bimorphic action=maybe_recompile pc=0x0000000002c26e84 method=java.util.HashMap.getNode(ILjava/lang/Object;)Ljava/util/HashMap$Node; @ 126

Internal exceptions (2 events):
Event: 0.031 Thread 0x00000000026ce000 Exception <a 'java/lang/NoSuchMethodError': Method sun.misc.Unsafe.defineClass(Ljava/lang/String;[BII)Ljava/lang/Class; name or signature does not match> (0x00000000eab07cc0) thrown at [D:\re\workspace\8-2-build-windows-amd64-cygwin\jdk8u77\6540\hotspot\sráñ5ƒ
 ?
Event: 0.031 Thread 0x00000000026ce000 Exception <a 'java/lang/NoSuchMethodError': Method sun.misc.Unsafe.prefetchRead(Ljava/lang/Object;J)V name or signature does not match> (0x00000000eab07fa8) thrown at [D:\re\workspace\8-2-build-windows-amd64-cygwin\jdk8u77\6540\hotspot\src\share\vm\prims\j

Events (10 events):
Event: 1.666 Thread 0x00000000026ce000 Uncommon trap: trap_request=0xffffffc6 fr.pc=0x0000000002c685dc
Event: 1.666 Thread 0x00000000026ce000 DEOPT PACKING pc=0x0000000002c685dc sp=0x00000000027eef20
Event: 1.666 Thread 0x00000000026ce000 DEOPT UNPACKING pc=0x000000000283582a sp=0x00000000027eee48 mode 2
Event: 1.666 Thread 0x00000000026ce000 Uncommon trap: trap_request=0xffffffc6 fr.pc=0x0000000002c26e84
Event: 1.666 Thread 0x00000000026ce000 DEOPT PACKING pc=0x0000000002c26e84 sp=0x00000000027eeeb0
Event: 1.666 Thread 0x00000000026ce000 DEOPT UNPACKING pc=0x000000000283582a sp=0x00000000027eee48 mode 2
Event: 1.668 loading class com/android/dx/dex/file/ProtoIdItem
Event: 1.668 loading class com/android/dx/dex/file/ProtoIdItem done
Event: 1.679 loading class com/android/dex/Leb128
Event: 1.679 loading class com/android/dex/Leb128 done


Dynamic libraries:
0x000000013fcb0000 - 0x000000013fce7000 	D:\Program Files\Java\jdk1.8.0_77\bin\java.exe
0x00000000773b0000 - 0x0000000077559000 	C:\Windows\SYSTEM32\ntdll.dll
0x0000000077290000 - 0x00000000773b0000 	C:\Windows\system32\kernel32.dll
0x000007fefd4a0000 - 0x000007fefd50c000 	C:\Windows\system32\KERNELBASE.dll
0x000007fefe670000 - 0x000007fefe74b000 	C:\Windows\system32\ADVAPI32.dll
0x000007fefd7c0000 - 0x000007fefd85f000 	C:\Windows\system32\msvcrt.dll
0x000007fefdda0000 - 0x000007fefddbf000 	C:\Windows\SYSTEM32\sechost.dll
0x000007fefd690000 - 0x000007fefd7bd000 	C:\Windows\system32\RPCRT4.dll
0x0000000077190000 - 0x000000007728a000 	C:\Windows\system32\USER32.dll
0x000007fefe760000 - 0x000007fefe7c7000 	C:\Windows\system32\GDI32.dll
0x000007fefd680000 - 0x000007fefd68e000 	C:\Windows\system32\LPK.dll
0x000007fefd5b0000 - 0x000007fefd67a000 	C:\Windows\system32\USP10.dll
0x000007fefb910000 - 0x000007fefbb04000 	C:\Windows\WinSxS\amd64_microsoft.windows.common-controls_6595b64144ccf1df_6.0.7601.18837_none_fa3b1e3d17594757\COMCTL32.dll
0x000007fefdd20000 - 0x000007fefdd91000 	C:\Windows\system32\SHLWAPI.dll
0x000007feff560000 - 0x000007feff58e000 	C:\Windows\system32\IMM32.DLL
0x000007fefe050000 - 0x000007fefe159000 	C:\Windows\system32\MSCTF.dll
0x000000006e7d0000 - 0x000000006e8a2000 	D:\Program Files\Java\jdk1.8.0_77\jre\bin\msvcr100.dll
0x000000006e8b0000 - 0x000000006f140000 	D:\Program Files\Java\jdk1.8.0_77\jre\bin\server\jvm.dll
0x000007fef9610000 - 0x000007fef9619000 	C:\Windows\system32\WSOCK32.dll
0x000007feff670000 - 0x000007feff6bd000 	C:\Windows\system32\WS2_32.dll
0x000007fefe750000 - 0x000007fefe758000 	C:\Windows\system32\NSI.dll
0x000007fef9f80000 - 0x000007fef9fbb000 	C:\Windows\system32\WINMM.dll
0x000007fefc2c0000 - 0x000007fefc2cc000 	C:\Windows\system32\VERSION.dll
0x0000000077570000 - 0x0000000077577000 	C:\Windows\system32\PSAPI.DLL
0x00000000709b0000 - 0x00000000709bf000 	D:\Program Files\Java\jdk1.8.0_77\jre\bin\verify.dll
0x0000000070980000 - 0x00000000709a9000 	D:\Program Files\Java\jdk1.8.0_77\jre\bin\java.dll
0x000000006fa90000 - 0x000000006faa6000 	D:\Program Files\Java\jdk1.8.0_77\jre\bin\zip.dll
0x000007fefe7d0000 - 0x000007feff559000 	C:\Windows\system32\SHELL32.dll
0x000007fefde20000 - 0x000007fefe023000 	C:\Windows\system32\ole32.dll
0x000007fefd200000 - 0x000007fefd20f000 	C:\Windows\system32\profapi.dll

VM Arguments:
jvm_args: -Djava.awt.headless=true -Xmx1024M -Dfile.encoding=GBK -Duser.country=CN -Duser.language=zh -Duser.variant 
java_command: com.android.dx.command.Main --dex --force-jumbo --num-threads=4 --output D:\android\StudioProjects\LoopjAsyncHttpDemo\app\build\intermediates\pre-dexed\debug\main_3f62496036b96e21f9bb81f154331ff5d60dac7d.jar D:\android\StudioProjects\LoopjAsyncHttpDemo\app\build\intermediates\transforms\instantRun\debug\folders\1\5\main
java_class_path (initial): D:\Users\Administrator\AppData\Local\Android\sdk\build-tools\23.0.3\lib\dx.jar
Launcher Type: SUN_STANDARD

Environment Variables:
JAVA_HOME=D:\Program Files\Java\jdk1.8.0_77
PATH=C:\ProgramData\Oracle\Java\javapath;C:\Windows\system32;C:\Windows;C:\Windows\System32\Wbem;C:\Windows\System32\WindowsPowerShell\v1.0\;D:\Program Files\Java\jdk1.8.0_77;d:\Program Files\Git\cmd;D:\Users\Administrator\AppData\Local\Android\sdk\platform-tools
USERNAME=Administrator
OS=Windows_NT
PROCESSOR_IDENTIFIER=Intel64 Family 6 Model 60 Stepping 3, GenuineIntel



---------------  S Y S T E M  ---------------

OS: Windows 7 , 64 bit Build 7601 (6.1.7601.19018)

CPU:total 4 (4 cores per cpu, 1 threads per core) family 6 model 60 stepping 3, cmov, cx8, fxsr, mmx, sse, sse2, sse3, ssse3, sse4.1, sse4.2, popcnt, avx, avx2, aes, clmul, erms, lzcnt, tsc, tscinvbit, bmi1, bmi2

Memory: 4k page, physical 8325492k(527468k free), swap 10420808k(5340k free)

vm_info: Java HotSpot(TM) 64-Bit Server VM (25.77-b03) for windows-amd64 JRE (1.8.0_77-b03), built on Mar 20 2016 22:01:33 by "java_re" with MS VC++ 10.0 (VS2010)

time: Fri Apr 22 16:08:52 2016
elapsed time: 1 seconds (0d 0h 0m 1s)

