#
# There is insufficient memory for the Java Runtime Environment to continue.
# Native memory allocation (malloc) failed to allocate 1047776 bytes for Chunk::new
# Possible reasons:
#   The system is out of physical RAM or swap space
#   In 32 bit mode, the process size limit was hit
# Possible solutions:
#   Reduce memory load on the system
#   Increase physical memory or swap space
#   Check if swap backing store is full
#   Use 64 bit Java on a 64 bit OS
#   Decrease Java heap size (-Xmx/-Xms)
#   Decrease number of Java threads
#   Decrease Java thread stack sizes (-Xss)
#   Set larger code cache with -XX:ReservedCodeCacheSize=
# This output file may be truncated or incomplete.
#
#  Out of Memory Error (allocation.cpp:390), pid=3896, tid=9076
#
# JRE version: Java(TM) SE Runtime Environment (8.0_77-b03) (build 1.8.0_77-b03)
# Java VM: Java HotSpot(TM) 64-Bit Server VM (25.77-b03 mixed mode windows-amd64 compressed oops)
# Failed to write core dump. Minidumps are not enabled by default on client versions of Windows
#

---------------  T H R E A D  ---------------

Current thread (0x00000000565b7000):  JavaThread "C2 CompilerThread1" daemon [_thread_in_native, id=9076, stack(0x00000000570d0000,0x00000000571d0000)]

Stack: [0x00000000570d0000,0x00000000571d0000]
[error occurred during error reporting (printing stack bounds), id 0xc0000005]

Native frames: (J=compiled Java code, j=interpreted, Vv=VM code, C=native code)


Current CompileTask:
C2:   6002 2114   !   4       com.android.dx.cf.code.Ropper::doit (126 bytes)


---------------  P R O C E S S  ---------------

Java Threads: ( => current thread )
  0x000000005687b000 JavaThread "pool-1-thread-4" [_thread_blocked, id=4548, stack(0x0000000057cb0000,0x0000000057db0000)]
  0x0000000056879000 JavaThread "pool-1-thread-3" [_thread_blocked, id=9756, stack(0x0000000057b70000,0x0000000057c70000)]
  0x0000000056878000 JavaThread "pool-1-thread-2" [_thread_in_Java, id=872, stack(0x0000000057910000,0x0000000057a10000)]
  0x0000000056875800 JavaThread "pool-2-thread-1" [_thread_blocked, id=9668, stack(0x0000000057750000,0x0000000057850000)]
  0x0000000056873800 JavaThread "pool-1-thread-1" [_thread_blocked, id=9240, stack(0x0000000056fa0000,0x00000000570a0000)]
  0x0000000056617800 JavaThread "Service Thread" daemon [_thread_blocked, id=10120, stack(0x0000000057400000,0x0000000057500000)]
  0x00000000565b8000 JavaThread "C1 CompilerThread2" daemon [_thread_blocked, id=2424, stack(0x00000000572c0000,0x00000000573c0000)]
=>0x00000000565b7000 JavaThread "C2 CompilerThread1" daemon [_thread_in_native, id=9076, stack(0x00000000570d0000,0x00000000571d0000)]
  0x00000000565aa800 JavaThread "C2 CompilerThread0" daemon [_thread_in_native, id=9560, stack(0x0000000056ea0000,0x0000000056fa0000)]
  0x000000005544f800 JavaThread "Attach Listener" daemon [_thread_blocked, id=9692, stack(0x0000000056cf0000,0x0000000056df0000)]
  0x000000005544e800 JavaThread "Signal Dispatcher" daemon [_thread_blocked, id=7356, stack(0x0000000056af0000,0x0000000056bf0000)]
  0x000000005543b000 JavaThread "Finalizer" daemon [_thread_blocked, id=9524, stack(0x00000000564a0000,0x00000000565a0000)]
  0x00000000553f2000 JavaThread "Reference Handler" daemon [_thread_blocked, id=5916, stack(0x0000000056270000,0x0000000056370000)]
  0x00000000027ce000 JavaThread "main" [_thread_blocked, id=9468, stack(0x0000000002890000,0x0000000002990000)]

Other Threads:
  0x00000000553ea000 VMThread [stack: 0x0000000056370000,0x0000000056470000] [id=1444]
  0x000000005667e000 WatcherThread [stack: 0x00000000575b0000,0x00000000576b0000] [id=9456]

VM state:not at safepoint (normal execution)

VM Mutex/Monitor currently owned by a thread: None

Heap:
 PSYoungGen      total 138240K, used 51634K [0x00000000eab00000, 0x00000000f3700000, 0x0000000100000000)
  eden space 133120K, 34% used [0x00000000eab00000,0x00000000ed86cd80,0x00000000f2d00000)
  from space 5120K, 99% used [0x00000000f3200000,0x00000000f36ffe70,0x00000000f3700000)
  to   space 5120K, 0% used [0x00000000f2d00000,0x00000000f2d00000,0x00000000f3200000)
 ParOldGen       total 87552K, used 24904K [0x00000000c0000000, 0x00000000c5580000, 0x00000000eab00000)
  object space 87552K, 28% used [0x00000000c0000000,0x00000000c1852178,0x00000000c5580000)
 Metaspace       used 6505K, capacity 7192K, committed 7424K, reserved 1056768K
  class space    used 629K, capacity 656K, committed 768K, reserved 1048576K

Card table byte_map: [0x0000000011d50000,0x0000000011f60000] byte_map_base: 0x0000000011750000

Marking Bits: (ParMarkBitMap*) 0x000000006f0c0600
 Begin Bits: [0x0000000012860000, 0x0000000013860000)
 End Bits:   [0x0000000013860000, 0x0000000014860000)

Polling page: 0x0000000000130000

CodeCache: size=245760Kb used=10682Kb max_used=10682Kb free=235077Kb
 bounds [0x0000000002990000, 0x0000000003410000, 0x0000000011990000]
 total_blobs=2406 nmethods=2134 adapters=184
 compilation: enabled

Compilation events (10 events):
Event: 5.965 Thread 0x00000000565b8000 2141       3       sun.util.calendar.AbstractCalendar::setTimeOfDay (116 bytes)
Event: 5.965 Thread 0x00000000565b8000 nmethod 2141 0x0000000003404fd0 code [0x0000000003405180, 0x0000000003405be8]
Event: 5.965 Thread 0x00000000565b8000 2142       3       sun.util.calendar.BaseCalendar::isLeapYear (12 bytes)
Event: 5.966 Thread 0x00000000565b8000 nmethod 2142 0x0000000003405fd0 code [0x0000000003406160, 0x00000000034066e8]
Event: 5.966 Thread 0x00000000565b8000 2143       3       java.util.Date::getTime (5 bytes)
Event: 5.966 Thread 0x00000000565b8000 nmethod 2143 0x00000000034068d0 code [0x0000000003406a40, 0x0000000003406d48]
Event: 5.966 Thread 0x00000000565b8000 2144       3       com.android.dx.command.dexer.Main$FileBytesConsumer::processFileBytes (8 bytes)
Event: 5.966 Thread 0x00000000565b8000 nmethod 2144 0x0000000003406e50 code [0x0000000003406fc0, 0x00000000034071a8]
Event: 5.966 Thread 0x00000000565b8000 2145       3       com.android.dx.command.dexer.Main::fixPath (56 bytes)
Event: 5.966 Thread 0x00000000565b8000 nmethod 2145 0x0000000003407290 code [0x0000000003407460, 0x0000000003407c28]

GC Heap History (8 events):
Event: 1.030 GC heap before
{Heap before GC invocations=1 (full 0):
 PSYoungGen      total 38400K, used 33280K [0x00000000eab00000, 0x00000000ed580000, 0x0000000100000000)
  eden space 33280K, 100% used [0x00000000eab00000,0x00000000ecb80000,0x00000000ecb80000)
  from space 5120K, 0% used [0x00000000ed080000,0x00000000ed080000,0x00000000ed580000)
  to   space 5120K, 0% used [0x00000000ecb80000,0x00000000ecb80000,0x00000000ed080000)
 ParOldGen       total 87552K, used 0K [0x00000000c0000000, 0x00000000c5580000, 0x00000000eab00000)
  object space 87552K, 0% used [0x00000000c0000000,0x00000000c0000000,0x00000000c5580000)
 Metaspace       used 6087K, capacity 6966K, committed 7040K, reserved 1056768K
  class space    used 608K, capacity 622K, committed 640K, reserved 1048576K
Event: 1.064 GC heap after
Heap after GC invocations=1 (full 0):
 PSYoungGen      total 38400K, used 5108K [0x00000000eab00000, 0x00000000ef600000, 0x0000000100000000)
  eden space 33280K, 0% used [0x00000000eab00000,0x00000000eab00000,0x00000000ecb80000)
  from space 5120K, 99% used [0x00000000ecb80000,0x00000000ed07d0e0,0x00000000ed080000)
  to   space 5120K, 0% used [0x00000000ef100000,0x00000000ef100000,0x00000000ef600000)
 ParOldGen       total 87552K, used 908K [0x00000000c0000000, 0x00000000c5580000, 0x00000000eab00000)
  object space 87552K, 1% used [0x00000000c0000000,0x00000000c00e32b0,0x00000000c5580000)
 Metaspace       used 6087K, capacity 6966K, committed 7040K, reserved 1056768K
  class space    used 608K, capacity 622K, committed 640K, reserved 1048576K
}
Event: 2.247 GC heap before
{Heap before GC invocations=2 (full 0):
 PSYoungGen      total 38400K, used 38388K [0x00000000eab00000, 0x00000000ef600000, 0x0000000100000000)
  eden space 33280K, 100% used [0x00000000eab00000,0x00000000ecb80000,0x00000000ecb80000)
  from space 5120K, 99% used [0x00000000ecb80000,0x00000000ed07d0e0,0x00000000ed080000)
  to   space 5120K, 0% used [0x00000000ef100000,0x00000000ef100000,0x00000000ef600000)
 ParOldGen       total 87552K, used 908K [0x00000000c0000000, 0x00000000c5580000, 0x00000000eab00000)
  object space 87552K, 1% used [0x00000000c0000000,0x00000000c00e32b0,0x00000000c5580000)
 Metaspace       used 6239K, capacity 7094K, committed 7296K, reserved 1056768K
  class space    used 608K, capacity 622K, committed 640K, reserved 1048576K
Event: 2.299 GC heap after
Heap after GC invocations=2 (full 0):
 PSYoungGen      total 71680K, used 5088K [0x00000000eab00000, 0x00000000ef600000, 0x0000000100000000)
  eden space 66560K, 0% used [0x00000000eab00000,0x00000000eab00000,0x00000000eec00000)
  from space 5120K, 99% used [0x00000000ef100000,0x00000000ef5f8138,0x00000000ef600000)
  to   space 5120K, 0% used [0x00000000eec00000,0x00000000eec00000,0x00000000ef100000)
 ParOldGen       total 87552K, used 5068K [0x00000000c0000000, 0x00000000c5580000, 0x00000000eab00000)
  object space 87552K, 5% used [0x00000000c0000000,0x00000000c04f33b0,0x00000000c5580000)
 Metaspace       used 6239K, capacity 7094K, committed 7296K, reserved 1056768K
  class space    used 608K, capacity 622K, committed 640K, reserved 1048576K
}
Event: 4.523 GC heap before
{Heap before GC invocations=3 (full 0):
 PSYoungGen      total 71680K, used 71648K [0x00000000eab00000, 0x00000000ef600000, 0x0000000100000000)
  eden space 66560K, 100% used [0x00000000eab00000,0x00000000eec00000,0x00000000eec00000)
  from space 5120K, 99% used [0x00000000ef100000,0x00000000ef5f8138,0x00000000ef600000)
  to   space 5120K, 0% used [0x00000000eec00000,0x00000000eec00000,0x00000000ef100000)
 ParOldGen       total 87552K, used 5068K [0x00000000c0000000, 0x00000000c5580000, 0x00000000eab00000)
  object space 87552K, 5% used [0x00000000c0000000,0x00000000c04f33b0,0x00000000c5580000)
 Metaspace       used 6342K, capacity 7158K, committed 7296K, reserved 1056768K
  class space    used 610K, capacity 622K, committed 640K, reserved 1048576K
Event: 4.565 GC heap after
Heap after GC invocations=3 (full 0):
 PSYoungGen      total 71680K, used 5096K [0x00000000eab00000, 0x00000000f3700000, 0x0000000100000000)
  eden space 66560K, 0% used [0x00000000eab00000,0x00000000eab00000,0x00000000eec00000)
  from space 5120K, 99% used [0x00000000eec00000,0x00000000ef0fa240,0x00000000ef100000)
  to   space 5120K, 0% used [0x00000000f3200000,0x00000000f3200000,0x00000000f3700000)
 ParOldGen       total 87552K, used 15379K [0x00000000c0000000, 0x00000000c5580000, 0x00000000eab00000)
  object space 87552K, 17% used [0x00000000c0000000,0x00000000c0f04fa8,0x00000000c5580000)
 Metaspace       used 6342K, capacity 7158K, committed 7296K, reserved 1056768K
  class space    used 610K, capacity 622K, committed 640K, reserved 1048576K
}
Event: 5.553 GC heap before
{Heap before GC invocations=4 (full 0):
 PSYoungGen      total 71680K, used 71656K [0x00000000eab00000, 0x00000000f3700000, 0x0000000100000000)
  eden space 66560K, 100% used [0x00000000eab00000,0x00000000eec00000,0x00000000eec00000)
  from space 5120K, 99% used [0x00000000eec00000,0x00000000ef0fa240,0x00000000ef100000)
  to   space 5120K, 0% used [0x00000000f3200000,0x00000000f3200000,0x00000000f3700000)
 ParOldGen       total 87552K, used 15379K [0x00000000c0000000, 0x00000000c5580000, 0x00000000eab00000)
  object space 87552K, 17% used [0x00000000c0000000,0x00000000c0f04fa8,0x00000000c5580000)
 Metaspace       used 6461K, capacity 7192K, committed 7424K, reserved 1056768K
  class space    used 629K, capacity 656K, committed 768K, reserved 1048576K
Event: 5.593 GC heap after
Heap after GC invocations=4 (full 0):
 PSYoungGen      total 138240K, used 5119K [0x00000000eab00000, 0x00000000f3700000, 0x0000000100000000)
  eden space 133120K, 0% used [0x00000000eab00000,0x00000000eab00000,0x00000000f2d00000)
  from space 5120K, 99% used [0x00000000f3200000,0x00000000f36ffe70,0x00000000f3700000)
  to   space 5120K, 0% used [0x00000000f2d00000,0x00000000f2d00000,0x00000000f3200000)
 ParOldGen       total 87552K, used 24904K [0x00000000c0000000, 0x00000000c5580000, 0x00000000eab00000)
  object space 87552K, 28% used [0x00000000c0000000,0x00000000c1852178,0x00000000c5580000)
 Metaspace       used 6461K, capacity 7192K, committed 7424K, reserved 1056768K
  class space    used 629K, capacity 656K, committed 768K, reserved 1048576K
}

Deoptimization events (10 events):
Event: 5.545 Thread 0x0000000056878000 Uncommon trap: reason=class_check action=maybe_recompile pc=0x00000000032a8e20 method=com.android.dx.cf.code.BytecodeArray.parseInstruction(ILcom/android/dx/cf/code/BytecodeArray$Visitor;)I @ 987
Event: 5.545 Thread 0x0000000056878000 Uncommon trap: reason=class_check action=maybe_recompile pc=0x00000000032a8e20 method=com.android.dx.cf.code.BytecodeArray.parseInstruction(ILcom/android/dx/cf/code/BytecodeArray$Visitor;)I @ 987
Event: 5.545 Thread 0x0000000056878000 Uncommon trap: reason=class_check action=maybe_recompile pc=0x00000000032a8e20 method=com.android.dx.cf.code.BytecodeArray.parseInstruction(ILcom/android/dx/cf/code/BytecodeArray$Visitor;)I @ 987
Event: 5.549 Thread 0x000000005687b000 Uncommon trap: reason=bimorphic action=maybe_recompile pc=0x0000000003272454 method=com.android.dx.ssa.LiteralOpUpgrader.tryReplacingWithConstant(Lcom/android/dx/ssa/NormalSsaInsn;)Z @ 62
Event: 5.702 Thread 0x000000005687b000 Uncommon trap: reason=unstable_if action=reinterpret pc=0x00000000032e84c0 method=com.android.dx.cf.code.Ropper.isSynchronized()Z @ 12
Event: 5.702 Thread 0x000000005687b000 Uncommon trap: reason=unstable_if action=reinterpret pc=0x0000000002ef38f0 method=com.android.dx.ssa.MoveParamCombiner$1.visitNonMoveInsn(Lcom/android/dx/ssa/NormalSsaInsn;)V @ 27
Event: 5.749 Thread 0x000000005687b000 Uncommon trap: reason=unstable_if action=reinterpret pc=0x00000000032cc0f0 method=com.android.dx.rop.code.DexTranslationAdvice.hasConstantOperation(Lcom/android/dx/rop/code/Rop;Lcom/android/dx/rop/code/RegisterSpec;Lcom/android/dx/rop/code/RegisterSpec;)Z ÈM±"Y@
Event: 5.837 Thread 0x0000000056873800 Uncommon trap: reason=bimorphic action=maybe_recompile pc=0x0000000003323d9c method=com.android.dx.rop.code.RegisterSpec.withSimpleType()Lcom/android/dx/rop/code/RegisterSpec; @ 21
Event: 5.841 Thread 0x0000000056873800 Uncommon trap: reason=bimorphic action=maybe_recompile pc=0x0000000003323d9c method=com.android.dx.rop.code.RegisterSpec.withSimpleType()Lcom/android/dx/rop/code/RegisterSpec; @ 21
Event: 5.849 Thread 0x0000000056873800 Uncommon trap: reason=unstable_if action=reinterpret pc=0x0000000002fb666c method=java.util.HashMap.resize()[Ljava/util/HashMap$Node; @ 206

Internal exceptions (5 events):
Event: 0.084 Thread 0x00000000027ce000 Exception <a 'java/lang/NoSuchMethodError': Method sun.misc.Unsafe.defineClass(Ljava/lang/String;[BII)Ljava/lang/Class; name or signature does not match> (0x00000000eab07cc0) thrown at [D:\re\workspace\8-2-build-windows-amd64-cygwin\jdk8u77\6540\hotspot\sr'*¢µ?
Event: 0.085 Thread 0x00000000027ce000 Exception <a 'java/lang/NoSuchMethodError': Method sun.misc.Unsafe.prefetchRead(Ljava/lang/Object;J)V name or signature does not match> (0x00000000eab07fa8) thrown at [D:\re\workspace\8-2-build-windows-amd64-cygwin\jdk8u77\6540\hotspot\src\share\vm\prims\j‰|^–~@
Event: 5.124 Thread 0x000000005687b000 Exception <a 'java/lang/ArrayIndexOutOfBoundsException': 18> (0x00000000ecaacf88) thrown at [D:\re\workspace\8-2-build-windows-amd64-cygwin\jdk8u77\6540\hotspot\src\share\vm\interpreter\interpreterRuntime.cpp, line 366]
Event: 5.124 Thread 0x000000005687b000 Exception <a 'java/lang/ArrayIndexOutOfBoundsException': 145> (0x00000000ecaaeb08) thrown at [D:\re\workspace\8-2-build-windows-amd64-cygwin\jdk8u77\6540\hotspot\src\share\vm\interpreter\interpreterRuntime.cpp, line 366]
Event: 5.124 Thread 0x000000005687b000 Exception <a 'java/lang/ArrayIndexOutOfBoundsException': 40> (0x00000000ecaafdf0) thrown at [D:\re\workspace\8-2-build-windows-amd64-cygwin\jdk8u77\6540\hotspot\src\share\vm\interpreter\interpreterRuntime.cpp, line 366]

Events (10 events):
Event: 5.749 Thread 0x000000005687b000 DEOPT UNPACKING pc=0x00000000029d582a sp=0x0000000057dae750 mode 2
Event: 5.837 Thread 0x0000000056873800 Uncommon trap: trap_request=0xffffffc6 fr.pc=0x0000000003323d9c
Event: 5.837 Thread 0x0000000056873800 DEOPT PACKING pc=0x0000000003323d9c sp=0x000000005709eb90
Event: 5.837 Thread 0x0000000056873800 DEOPT UNPACKING pc=0x00000000029d582a sp=0x000000005709eac8 mode 2
Event: 5.841 Thread 0x0000000056873800 Uncommon trap: trap_request=0xffffffc6 fr.pc=0x0000000003323d9c
Event: 5.841 Thread 0x0000000056873800 DEOPT PACKING pc=0x0000000003323d9c sp=0x000000005709eae0
Event: 5.841 Thread 0x0000000056873800 DEOPT UNPACKING pc=0x00000000029d582a sp=0x000000005709ea18 mode 2
Event: 5.849 Thread 0x0000000056873800 Uncommon trap: trap_request=0xffffff65 fr.pc=0x0000000002fb666c
Event: 5.849 Thread 0x0000000056873800 DEOPT PACKING pc=0x0000000002fb666c sp=0x000000005709e9b0
Event: 5.849 Thread 0x0000000056873800 DEOPT UNPACKING pc=0x00000000029d582a sp=0x000000005709e918 mode 2


Dynamic libraries:
0x000000013fcb0000 - 0x000000013fce7000 	D:\Program Files\Java\jdk1.8.0_77\bin\java.exe
0x00000000773b0000 - 0x0000000077559000 	C:\Windows\SYSTEM32\ntdll.dll
0x0000000077290000 - 0x00000000773b0000 	C:\Windows\system32\kernel32.dll
0x000007fefd4a0000 - 0x000007fefd50c000 	C:\Windows\system32\KERNELBASE.dll
0x000007fefe670000 - 0x000007fefe74b000 	C:\Windows\system32\ADVAPI32.dll
0x000007fefd7c0000 - 0x000007fefd85f000 	C:\Windows\system32\msvcrt.dll
0x000007fefdda0000 - 0x000007fefddbf000 	C:\Windows\SYSTEM32\sechost.dll
0x000007fefd690000 - 0x000007fefd7bd000 	C:\Windows\system32\RPCRT4.dll
0x0000000077190000 - 0x000000007728a000 	C:\Windows\system32\USER32.dll
0x000007fefe760000 - 0x000007fefe7c7000 	C:\Windows\system32\GDI32.dll
0x000007fefd680000 - 0x000007fefd68e000 	C:\Windows\system32\LPK.dll
0x000007fefd5b0000 - 0x000007fefd67a000 	C:\Windows\system32\USP10.dll
0x000007fefb910000 - 0x000007fefbb04000 	C:\Windows\WinSxS\amd64_microsoft.windows.common-controls_6595b64144ccf1df_6.0.7601.18837_none_fa3b1e3d17594757\COMCTL32.dll
0x000007fefdd20000 - 0x000007fefdd91000 	C:\Windows\system32\SHLWAPI.dll
0x000007feff560000 - 0x000007feff58e000 	C:\Windows\system32\IMM32.DLL
0x000007fefe050000 - 0x000007fefe159000 	C:\Windows\system32\MSCTF.dll
0x000000006e7d0000 - 0x000000006e8a2000 	D:\Program Files\Java\jdk1.8.0_77\jre\bin\msvcr100.dll
0x000000006e8b0000 - 0x000000006f140000 	D:\Program Files\Java\jdk1.8.0_77\jre\bin\server\jvm.dll
0x000007fef9610000 - 0x000007fef9619000 	C:\Windows\system32\WSOCK32.dll
0x000007feff670000 - 0x000007feff6bd000 	C:\Windows\system32\WS2_32.dll
0x000007fefe750000 - 0x000007fefe758000 	C:\Windows\system32\NSI.dll
0x000007fef9f80000 - 0x000007fef9fbb000 	C:\Windows\system32\WINMM.dll
0x000007fefc2c0000 - 0x000007fefc2cc000 	C:\Windows\system32\VERSION.dll
0x0000000077570000 - 0x0000000077577000 	C:\Windows\system32\PSAPI.DLL
0x00000000709b0000 - 0x00000000709bf000 	D:\Program Files\Java\jdk1.8.0_77\jre\bin\verify.dll
0x0000000070980000 - 0x00000000709a9000 	D:\Program Files\Java\jdk1.8.0_77\jre\bin\java.dll
0x000000006fa90000 - 0x000000006faa6000 	D:\Program Files\Java\jdk1.8.0_77\jre\bin\zip.dll
0x000007fefe7d0000 - 0x000007feff559000 	C:\Windows\system32\SHELL32.dll
0x000007fefde20000 - 0x000007fefe023000 	C:\Windows\system32\ole32.dll
0x000007fefd200000 - 0x000007fefd20f000 	C:\Windows\system32\profapi.dll

VM Arguments:
jvm_args: -Djava.awt.headless=true -Xmx1024M -Dfile.encoding=GBK -Duser.country=CN -Duser.language=zh -Duser.variant 
java_command: com.android.dx.command.Main --dex --force-jumbo --num-threads=4 --output D:\android\StudioProjects\LoopjAsyncHttpDemo\app\build\intermediates\pre-dexed\debug\com.android.support-appcompat-v7-23.3.0_825a41ccda4c8d958ab7f26a8a3a7f8b09ab4a0d.jar D:\android\StudioProjects\LoopjAsyncHttpDemo\app\build\intermediates\exploded-aar\com.android.support\appcompat-v7\23.3.0\jars\classes.jar
java_class_path (initial): D:\Users\Administrator\AppData\Local\Android\sdk\build-tools\23.0.3\lib\dx.jar
Launcher Type: SUN_STANDARD

Environment Variables:
JAVA_HOME=D:\Program Files\Java\jdk1.8.0_77
PATH=C:\ProgramData\Oracle\Java\javapath;C:\Windows\system32;C:\Windows;C:\Windows\System32\Wbem;C:\Windows\System32\WindowsPowerShell\v1.0\;D:\Program Files\Java\jdk1.8.0_77;d:\Program Files\Git\cmd;D:\Users\Administrator\AppData\Local\Android\sdk\platform-tools
USERNAME=Administrator
OS=Windows_NT
PROCESSOR_IDENTIFIER=Intel64 Family 6 Model 60 Stepping 3, GenuineIntel



---------------  S Y S T E M  ---------------

OS: Windows 7 , 64 bit Build 7601 (6.1.7601.19018)

CPU:total 4 (4 cores per cpu, 1 threads per core) family 6 model 60 stepping 3, cmov, cx8, fxsr, mmx, sse, sse2, sse3, ssse3, sse4.1, sse4.2, popcnt, avx, avx2, aes, clmul, erms, lzcnt, tsc, tscinvbit, bmi1, bmi2

Memory: 4k page, physical 8325492k(389140k free), swap 10420808k(23156k free)

vm_info: Java HotSpot(TM) 64-Bit Server VM (25.77-b03) for windows-amd64 JRE (1.8.0_77-b03), built on Mar 20 2016 22:01:33 by "java_re" with MS VC++ 10.0 (VS2010)

time: Fri Apr 22 16:08:16 2016
elapsed time: 6 seconds (0d 0h 0m 6s)

