#
# There is insufficient memory for the Java Runtime Environment to continue.
# Native memory allocation (malloc) failed to allocate 77936 bytes for Chunk::new
# Possible reasons:
#   The system is out of physical RAM or swap space
#   In 32 bit mode, the process size limit was hit
# Possible solutions:
#   Reduce memory load on the system
#   Increase physical memory or swap space
#   Check if swap backing store is full
#   Use 64 bit Java on a 64 bit OS
#   Decrease Java heap size (-Xmx/-Xms)
#   Decrease number of Java threads
#   Decrease Java thread stack sizes (-Xss)
#   Set larger code cache with -XX:ReservedCodeCacheSize=
# This output file may be truncated or incomplete.
#
#  Out of Memory Error (allocation.cpp:390), pid=4536, tid=8544
#
# JRE version: Java(TM) SE Runtime Environment (8.0_77-b03) (build 1.8.0_77-b03)
# Java VM: Java HotSpot(TM) 64-Bit Server VM (25.77-b03 mixed mode windows-amd64 compressed oops)
# Failed to write core dump. Minidumps are not enabled by default on client versions of Windows
#

---------------  T H R E A D  ---------------

Current thread (0x00000000552fc000):  JavaThread "C2 CompilerThread1" daemon [_thread_in_native, id=8544, stack(0x0000000056ed0000,0x0000000056fd0000)]

Stack: [0x0000000056ed0000,0x0000000056fd0000]
[error occurred during error reporting (printing stack bounds), id 0xc0000005]

Native frames: (J=compiled Java code, j=interpreted, Vv=VM code, C=native code)


Current CompileTask:
C2:   1695 1164       4       com.android.dx.ssa.SsaMethod$2::addToUses (48 bytes)


---------------  P R O C E S S  ---------------

Java Threads: ( => current thread )
  0x0000000056a7a000 JavaThread "pool-1-thread-4" [_thread_blocked, id=9308, stack(0x0000000058240000,0x0000000058340000)]
  0x0000000056aaf800 JavaThread "pool-1-thread-3" [_thread_blocked, id=4584, stack(0x0000000058030000,0x0000000058130000)]
  0x0000000056aae800 JavaThread "pool-1-thread-2" [_thread_blocked, id=784, stack(0x0000000057e30000,0x0000000057f30000)]
  0x00000000569d5800 JavaThread "pool-2-thread-1" [_thread_blocked, id=8800, stack(0x0000000057be0000,0x0000000057ce0000)]
  0x00000000569d2800 JavaThread "pool-1-thread-1" [_thread_blocked, id=8676, stack(0x0000000057180000,0x0000000057280000)]
  0x00000000552ff000 JavaThread "Service Thread" daemon [_thread_blocked, id=6140, stack(0x0000000056c50000,0x0000000056d50000)]
  0x00000000552fd000 JavaThread "C1 CompilerThread2" daemon [_thread_blocked, id=9236, stack(0x0000000057080000,0x0000000057180000)]
=>0x00000000552fc000 JavaThread "C2 CompilerThread1" daemon [_thread_in_native, id=8544, stack(0x0000000056ed0000,0x0000000056fd0000)]
  0x00000000566cd800 JavaThread "C2 CompilerThread0" daemon [_thread_in_native, id=9456, stack(0x0000000056d60000,0x0000000056e60000)]
  0x00000000566cc800 JavaThread "Attach Listener" daemon [_thread_blocked, id=4388, stack(0x0000000056b50000,0x0000000056c50000)]
  0x00000000552ec800 JavaThread "Signal Dispatcher" daemon [_thread_blocked, id=6160, stack(0x0000000056420000,0x0000000056520000)]
  0x00000000552d9000 JavaThread "Finalizer" daemon [_thread_blocked, id=3088, stack(0x00000000565c0000,0x00000000566c0000)]
  0x0000000055291800 JavaThread "Reference Handler" daemon [_thread_blocked, id=9240, stack(0x00000000562d0000,0x00000000563d0000)]
  0x000000000250e000 JavaThread "main" [_thread_in_vm, id=7292, stack(0x00000000026a0000,0x00000000027a0000)]

Other Threads:
  0x000000005528a000 VMThread [stack: 0x0000000056100000,0x0000000056200000] [id=10228]
  0x00000000567a9800 WatcherThread [stack: 0x00000000572d0000,0x00000000573d0000] [id=3716]

VM state:not at safepoint (normal execution)

VM Mutex/Monitor currently owned by a thread:  ([mutex/lock_event])
[0x000000000250c890] Heap_lock - owner thread: 0x0000000056aae800

Heap:
 PSYoungGen      total 38400K, used 5556K [0x00000000eab00000, 0x00000000ef600000, 0x0000000100000000)
  eden space 33280K, 1% used [0x00000000eab00000,0x00000000eab71290,0x00000000ecb80000)
  from space 5120K, 99% used [0x00000000ecb80000,0x00000000ed07c0f8,0x00000000ed080000)
  to   space 5120K, 0% used [0x00000000ef100000,0x00000000ef100000,0x00000000ef600000)
 ParOldGen       total 87552K, used 1098K [0x00000000c0000000, 0x00000000c5580000, 0x00000000eab00000)
  object space 87552K, 1% used [0x00000000c0000000,0x00000000c0112868,0x00000000c5580000)
 Metaspace       used 5953K, capacity 6838K, committed 7040K, reserved 1056768K
  class space    used 602K, capacity 622K, committed 640K, reserved 1048576K

Card table byte_map: [0x0000000011b60000,0x0000000011d70000] byte_map_base: 0x0000000011560000

Marking Bits: (ParMarkBitMap*) 0x000000006f0c0600
 Begin Bits: [0x0000000012700000, 0x0000000013700000)
 End Bits:   [0x0000000013700000, 0x0000000014700000)

Polling page: 0x0000000000340000

CodeCache: size=245760Kb used=4478Kb max_used=4478Kb free=241281Kb
 bounds [0x00000000027a0000, 0x0000000002c10000, 0x00000000117a0000]
 total_blobs=1445 nmethods=1174 adapters=184
 compilation: enabled

Compilation events (10 events):
Event: 1.693 Thread 0x00000000552fd000 1172       3       sun.util.calendar.Gregorian$Date::getNormalizedYear (5 bytes)
Event: 1.693 Thread 0x00000000552fd000 nmethod 1172 0x0000000002c01690 code [0x0000000002c017e0, 0x0000000002c019d0]
Event: 1.693 Thread 0x00000000552fd000 1173       3       sun.util.calendar.BaseCalendar::isLeapYear (5 bytes)
Event: 1.693 Thread 0x00000000552fd000 nmethod 1173 0x0000000002c01a50 code [0x0000000002c01bc0, 0x0000000002c01eb0]
Event: 1.693 Thread 0x00000000552fd000 1174       3       com.android.dx.cf.direct.MemberListParser::getCount (17 bytes)
Event: 1.694 Thread 0x00000000552fd000 nmethod 1174 0x0000000002c01fd0 code [0x0000000002c02160, 0x0000000002c02568]
Event: 1.694 Thread 0x00000000552fd000 1175       3       com.android.dx.cf.direct.MemberListParser::parseIfNecessary (12 bytes)
Event: 1.694 Thread 0x00000000552fd000 nmethod 1175 0x0000000002c02810 code [0x0000000002c02980, 0x0000000002c02b48]
Event: 1.694 Thread 0x00000000552fd000 1176       3       com.android.dx.util.Bits::isEmpty (26 bytes)
Event: 1.694 Thread 0x00000000552fd000 nmethod 1176 0x0000000002c02bd0 code [0x0000000002c02d40, 0x0000000002c02f90]

GC Heap History (2 events):
Event: 1.520 GC heap before
{Heap before GC invocations=1 (full 0):
 PSYoungGen      total 38400K, used 33280K [0x00000000eab00000, 0x00000000ed580000, 0x0000000100000000)
  eden space 33280K, 100% used [0x00000000eab00000,0x00000000ecb80000,0x00000000ecb80000)
  from space 5120K, 0% used [0x00000000ed080000,0x00000000ed080000,0x00000000ed580000)
  to   space 5120K, 0% used [0x00000000ecb80000,0x00000000ecb80000,0x00000000ed080000)
 ParOldGen       total 87552K, used 0K [0x00000000c0000000, 0x00000000c5580000, 0x00000000eab00000)
  object space 87552K, 0% used [0x00000000c0000000,0x00000000c0000000,0x00000000c5580000)
 Metaspace       used 5943K, capacity 6838K, committed 7040K, reserved 1056768K
  class space    used 602K, capacity 622K, committed 640K, reserved 1048576K
Event: 1.623 GC heap after
Heap after GC invocations=1 (full 0):
 PSYoungGen      total 38400K, used 5104K [0x00000000eab00000, 0x00000000ef600000, 0x0000000100000000)
  eden space 33280K, 0% used [0x00000000eab00000,0x00000000eab00000,0x00000000ecb80000)
  from space 5120K, 99% used [0x00000000ecb80000,0x00000000ed07c0f8,0x00000000ed080000)
  to   space 5120K, 0% used [0x00000000ef100000,0x00000000ef100000,0x00000000ef600000)
 ParOldGen       total 87552K, used 1098K [0x00000000c0000000, 0x00000000c5580000, 0x00000000eab00000)
  object space 87552K, 1% used [0x00000000c0000000,0x00000000c0112868,0x00000000c5580000)
 Metaspace       used 5943K, capacity 6838K, committed 7040K, reserved 1056768K
  class space    used 602K, capacity 622K, committed 640K, reserved 1048576K
}

Deoptimization events (1 events):
Event: 0.564 Thread 0x000000000250e000 Uncommon trap: reason=unstable_if action=reinterpret pc=0x00000000028eb1c4 method=java.lang.String.compareTo(Ljava/lang/String;)I @ 38

Internal exceptions (2 events):
Event: 0.031 Thread 0x000000000250e000 Exception <a 'java/lang/NoSuchMethodError': Method sun.misc.Unsafe.defineClass(Ljava/lang/String;[BII)Ljava/lang/Class; name or signature does not match> (0x00000000eab07cc0) thrown at [D:\re\workspace\8-2-build-windows-amd64-cygwin\jdk8u77\6540\hotspot\sr‰{Ùêè†?
Event: 0.031 Thread 0x000000000250e000 Exception <a 'java/lang/NoSuchMethodError': Method sun.misc.Unsafe.prefetchRead(Ljava/lang/Object;J)V name or signature does not match> (0x00000000eab07fa8) thrown at [D:\re\workspace\8-2-build-windows-amd64-cygwin\jdk8u77\6540\hotspot\src\share\vm\prims\j`

Events (10 events):
Event: 1.241 loading class java/util/DualPivotQuicksort
Event: 1.242 loading class java/util/DualPivotQuicksort done
Event: 1.263 loading class java/util/TreeMap$EntrySet
Event: 1.263 loading class java/util/TreeMap$EntrySet done
Event: 1.263 loading class java/util/TreeMap$EntryIterator
Event: 1.263 loading class java/util/TreeMap$EntryIterator done
Event: 1.263 Executing VM operation: Deoptimize
Event: 1.263 Executing VM operation: Deoptimize done
Event: 1.520 Executing VM operation: ParallelGCFailedAllocation
Event: 1.623 Executing VM operation: ParallelGCFailedAllocation done


Dynamic libraries:
0x000000013fcb0000 - 0x000000013fce7000 	D:\Program Files\Java\jdk1.8.0_77\bin\java.exe
0x00000000773b0000 - 0x0000000077559000 	C:\Windows\SYSTEM32\ntdll.dll
0x0000000077290000 - 0x00000000773b0000 	C:\Windows\system32\kernel32.dll
0x000007fefd4a0000 - 0x000007fefd50c000 	C:\Windows\system32\KERNELBASE.dll
0x000007fefe670000 - 0x000007fefe74b000 	C:\Windows\system32\ADVAPI32.dll
0x000007fefd7c0000 - 0x000007fefd85f000 	C:\Windows\system32\msvcrt.dll
0x000007fefdda0000 - 0x000007fefddbf000 	C:\Windows\SYSTEM32\sechost.dll
0x000007fefd690000 - 0x000007fefd7bd000 	C:\Windows\system32\RPCRT4.dll
0x0000000077190000 - 0x000000007728a000 	C:\Windows\system32\USER32.dll
0x000007fefe760000 - 0x000007fefe7c7000 	C:\Windows\system32\GDI32.dll
0x000007fefd680000 - 0x000007fefd68e000 	C:\Windows\system32\LPK.dll
0x000007fefd5b0000 - 0x000007fefd67a000 	C:\Windows\system32\USP10.dll
0x000007fefb910000 - 0x000007fefbb04000 	C:\Windows\WinSxS\amd64_microsoft.windows.common-controls_6595b64144ccf1df_6.0.7601.18837_none_fa3b1e3d17594757\COMCTL32.dll
0x000007fefdd20000 - 0x000007fefdd91000 	C:\Windows\system32\SHLWAPI.dll
0x000007feff560000 - 0x000007feff58e000 	C:\Windows\system32\IMM32.DLL
0x000007fefe050000 - 0x000007fefe159000 	C:\Windows\system32\MSCTF.dll
0x000000006e7d0000 - 0x000000006e8a2000 	D:\Program Files\Java\jdk1.8.0_77\jre\bin\msvcr100.dll
0x000000006e8b0000 - 0x000000006f140000 	D:\Program Files\Java\jdk1.8.0_77\jre\bin\server\jvm.dll
0x000007fef9610000 - 0x000007fef9619000 	C:\Windows\system32\WSOCK32.dll
0x000007feff670000 - 0x000007feff6bd000 	C:\Windows\system32\WS2_32.dll
0x000007fefe750000 - 0x000007fefe758000 	C:\Windows\system32\NSI.dll
0x000007fef9f80000 - 0x000007fef9fbb000 	C:\Windows\system32\WINMM.dll
0x000007fefc2c0000 - 0x000007fefc2cc000 	C:\Windows\system32\VERSION.dll
0x0000000077570000 - 0x0000000077577000 	C:\Windows\system32\PSAPI.DLL
0x00000000709b0000 - 0x00000000709bf000 	D:\Program Files\Java\jdk1.8.0_77\jre\bin\verify.dll
0x0000000070980000 - 0x00000000709a9000 	D:\Program Files\Java\jdk1.8.0_77\jre\bin\java.dll
0x000000006fa90000 - 0x000000006faa6000 	D:\Program Files\Java\jdk1.8.0_77\jre\bin\zip.dll
0x000007fefe7d0000 - 0x000007feff559000 	C:\Windows\system32\SHELL32.dll
0x000007fefde20000 - 0x000007fefe023000 	C:\Windows\system32\ole32.dll
0x000007fefd200000 - 0x000007fefd20f000 	C:\Windows\system32\profapi.dll

VM Arguments:
jvm_args: -Djava.awt.headless=true -Xmx1024M -Dfile.encoding=GBK -Duser.country=CN -Duser.language=zh -Duser.variant 
java_command: com.android.dx.command.Main --dex --force-jumbo --num-threads=4 --output D:\android\StudioProjects\LoopjAsyncHttpDemo\app\build\intermediates\pre-dexed\debug\internal_impl-23.3.0_928ada83da1fdbd609fda770371b22743dc31e2f.jar D:\android\StudioProjects\LoopjAsyncHttpDemo\app\build\intermediates\exploded-aar\com.android.support\support-v4\23.3.0\jars\libs\internal_impl-23.3.0.jar
java_class_path (initial): D:\Users\Administrator\AppData\Local\Android\sdk\build-tools\23.0.3\lib\dx.jar
Launcher Type: SUN_STANDARD

Environment Variables:
JAVA_HOME=D:\Program Files\Java\jdk1.8.0_77
PATH=C:\ProgramData\Oracle\Java\javapath;C:\Windows\system32;C:\Windows;C:\Windows\System32\Wbem;C:\Windows\System32\WindowsPowerShell\v1.0\;D:\Program Files\Java\jdk1.8.0_77;d:\Program Files\Git\cmd;D:\Users\Administrator\AppData\Local\Android\sdk\platform-tools
USERNAME=Administrator
OS=Windows_NT
PROCESSOR_IDENTIFIER=Intel64 Family 6 Model 60 Stepping 3, GenuineIntel



---------------  S Y S T E M  ---------------

OS: Windows 7 , 64 bit Build 7601 (6.1.7601.19018)

CPU:total 4 (4 cores per cpu, 1 threads per core) family 6 model 60 stepping 3, cmov, cx8, fxsr, mmx, sse, sse2, sse3, ssse3, sse4.1, sse4.2, popcnt, avx, avx2, aes, clmul, erms, lzcnt, tsc, tscinvbit, bmi1, bmi2

Memory: 4k page, physical 8325492k(527332k free), swap 10420808k(5144k free)

vm_info: Java HotSpot(TM) 64-Bit Server VM (25.77-b03) for windows-amd64 JRE (1.8.0_77-b03), built on Mar 20 2016 22:01:33 by "java_re" with MS VC++ 10.0 (VS2010)

time: Fri Apr 22 16:08:52 2016
elapsed time: 1 seconds (0d 0h 0m 1s)

